{"numTotalTestSuites":12,"numPassedTestSuites":12,"numFailedTestSuites":0,"numPendingTestSuites":0,"numTotalTests":22,"numPassedTests":22,"numFailedTests":0,"numPendingTests":0,"numTodoTests":0,"snapshot":{"added":0,"failure":false,"filesAdded":0,"filesRemoved":0,"filesRemovedList":[],"filesUnmatched":0,"filesUpdated":0,"matched":0,"total":0,"unchecked":0,"uncheckedKeysByFile":[],"unmatched":0,"updated":0,"didUpdate":false},"startTime":1753389223554,"success":true,"testResults":[{"assertionResults":[{"ancestorTitles":["CLACalendar","Component Initialization"],"fullName":"CLACalendar Component Initialization should render embedded calendar immediately","status":"passed","title":"should render embedded calendar immediately","duration":46.5619999999999,"failureMessages":[],"meta":{}},{"ancestorTitles":["CLACalendar","Component Initialization"],"fullName":"CLACalendar Component Initialization should not render popup calendar until opened","status":"passed","title":"should not render popup calendar until opened","duration":1.4985830000000533,"failureMessages":[],"meta":{}},{"ancestorTitles":["CLACalendar","Component Initialization"],"fullName":"CLACalendar Component Initialization should lazy load layers when calendar is first opened","status":"passed","title":"should lazy load layers when calendar is first opened","duration":19.10112500000014,"failureMessages":[],"meta":{}},{"ancestorTitles":["CLACalendar","Component Initialization"],"fullName":"CLACalendar Component Initialization should lazy load restriction config when calendar is first opened","status":"passed","title":"should lazy load restriction config when calendar is first opened","duration":18.78991700000006,"failureMessages":[],"meta":{}},{"ancestorTitles":["CLACalendar","Component Initialization"],"fullName":"CLACalendar Component Initialization should initialize with default range when provided","status":"passed","title":"should initialize with default range when provided","duration":14.673750000000155,"failureMessages":[],"meta":{}},{"ancestorTitles":["CLACalendar","Component Initialization"],"fullName":"CLACalendar Component Initialization should call onMonthChange when months change","status":"passed","title":"should call onMonthChange when months change","duration":20.40170799999987,"failureMessages":[],"meta":{}},{"ancestorTitles":["CLACalendar","Calendar Open/Close Behavior"],"fullName":"CLACalendar Calendar Open/Close Behavior should open calendar when input is clicked","status":"passed","title":"should open calendar when input is clicked","duration":12.157375000000002,"failureMessages":[],"meta":{}},{"ancestorTitles":["CLACalendar","Calendar Open/Close Behavior"],"fullName":"CLACalendar Calendar Open/Close Behavior should close calendar on scroll when in popup mode","status":"passed","title":"should close calendar on scroll when in popup mode","duration":15.060375000000022,"failureMessages":[],"meta":{}},{"ancestorTitles":["CLACalendar","Calendar Open/Close Behavior"],"fullName":"CLACalendar Calendar Open/Close Behavior should handle closeOnClickAway setting","status":"passed","title":"should handle closeOnClickAway setting","duration":10.889874999999847,"failureMessages":[],"meta":{}},{"ancestorTitles":["CLACalendar","Date Selection"],"fullName":"CLACalendar Date Selection should handle date selection in single mode","status":"passed","title":"should handle date selection in single mode","duration":16.706541000000016,"failureMessages":[],"meta":{}},{"ancestorTitles":["CLACalendar","Date Selection"],"fullName":"CLACalendar Date Selection should handle date range selection","status":"passed","title":"should handle date range selection","duration":28.033541000000014,"failureMessages":[],"meta":{}},{"ancestorTitles":["CLACalendar","Date Selection"],"fullName":"CLACalendar Date Selection should handle clear button","status":"passed","title":"should handle clear button","duration":26.481874999999945,"failureMessages":[],"meta":{}},{"ancestorTitles":["CLACalendar","Out of Bounds Scrolling"],"fullName":"CLACalendar Out of Bounds Scrolling should handle out of bounds scrolling when enabled","status":"passed","title":"should handle out of bounds scrolling when enabled","duration":27.34054200000014,"failureMessages":[],"meta":{}},{"ancestorTitles":["CLACalendar","Layer Management"],"fullName":"CLACalendar Layer Management should render layer navigation when enabled","status":"passed","title":"should render layer navigation when enabled","duration":10.994249999999965,"failureMessages":[],"meta":{}},{"ancestorTitles":["CLACalendar","Layer Management"],"fullName":"CLACalendar Layer Management should handle layer change","status":"passed","title":"should handle layer change","duration":18.660499999999956,"failureMessages":[],"meta":{}},{"ancestorTitles":["CLACalendar","Custom Date Formatter"],"fullName":"CLACalendar Custom Date Formatter should use custom date formatter when provided","status":"passed","title":"should use custom date formatter when provided","duration":11.34658300000001,"failureMessages":[],"meta":{}},{"ancestorTitles":["CLACalendar","Settings Validation"],"fullName":"CLACalendar Settings Validation should handle invalid settings gracefully","status":"passed","title":"should handle invalid settings gracefully","duration":10.251792000000023,"failureMessages":[],"meta":{}},{"ancestorTitles":["CLACalendar","Settings Validation"],"fullName":"CLACalendar Settings Validation should create safe settings with createCalendarSettings","status":"passed","title":"should create safe settings with createCalendarSettings","duration":0.19612499999993815,"failureMessages":[],"meta":{}},{"ancestorTitles":["CLACalendar","Height Measurement"],"fullName":"CLACalendar Height Measurement should measure calendar height when requested","status":"passed","title":"should measure calendar height when requested","duration":9.842792000000145,"failureMessages":[],"meta":{}},{"ancestorTitles":["CLACalendar","Error Boundary"],"fullName":"CLACalendar Error Boundary should handle errors gracefully","status":"passed","title":"should handle errors gracefully","duration":19.86820899999998,"failureMessages":[],"meta":{}},{"ancestorTitles":["CLACalendar","Notification System"],"fullName":"CLACalendar Notification System should show notifications when enabled","status":"passed","title":"should show notifications when enabled","duration":22.190708000000086,"failureMessages":[],"meta":{}},{"ancestorTitles":["CLACalendar","Notification System"],"fullName":"CLACalendar Notification System should dismiss notifications","status":"passed","title":"should dismiss notifications","duration":26.58162500000003,"failureMessages":[],"meta":{}}],"startTime":1753389224776,"endTime":1753389225163.5815,"status":"passed","message":"","name":"/Users/bstar/projects/cla/calendar/src/components/CLACalendar.test.tsx"}],"coverageMap":{"/Users/bstar/projects/cla/calendar/src/components/CLACalendar.tsx":{"path":"/Users/bstar/projects/cla/calendar/src/components/CLACalendar.tsx","all":false,"statementMap":{"0":{"start":{"line":1,"column":0},"end":{"line":1,"column":81}},"63":{"start":{"line":64,"column":0},"end":{"line":64,"column":24}},"69":{"start":{"line":70,"column":0},"end":{"line":70,"column":67}},"70":{"start":{"line":71,"column":0},"end":{"line":71,"column":8}},"71":{"start":{"line":72,"column":0},"end":{"line":72,"column":46}},"72":{"start":{"line":73,"column":0},"end":{"line":73,"column":14}},"73":{"start":{"line":74,"column":0},"end":{"line":74,"column":4}},"78":{"start":{"line":79,"column":0},"end":{"line":79,"column":37}},"79":{"start":{"line":80,"column":0},"end":{"line":80,"column":36}},"80":{"start":{"line":81,"column":0},"end":{"line":81,"column":38}},"81":{"start":{"line":82,"column":0},"end":{"line":82,"column":6}},"82":{"start":{"line":83,"column":0},"end":{"line":83,"column":31}},"83":{"start":{"line":84,"column":0},"end":{"line":84,"column":45}},"84":{"start":{"line":85,"column":0},"end":{"line":85,"column":71}},"85":{"start":{"line":86,"column":0},"end":{"line":86,"column":15}},"86":{"start":{"line":87,"column":0},"end":{"line":87,"column":7}},"88":{"start":{"line":89,"column":0},"end":{"line":89,"column":91}},"89":{"start":{"line":90,"column":0},"end":{"line":90,"column":32}},"90":{"start":{"line":91,"column":0},"end":{"line":91,"column":15}},"91":{"start":{"line":92,"column":0},"end":{"line":92,"column":7}},"93":{"start":{"line":94,"column":0},"end":{"line":94,"column":21}},"94":{"start":{"line":95,"column":0},"end":{"line":95,"column":6}},"96":{"start":{"line":97,"column":0},"end":{"line":97,"column":53}},"97":{"start":{"line":98,"column":0},"end":{"line":98,"column":18}},"98":{"start":{"line":99,"column":0},"end":{"line":99,"column":58}},"99":{"start":{"line":100,"column":0},"end":{"line":100,"column":6}},"100":{"start":{"line":101,"column":0},"end":{"line":101,"column":4}},"102":{"start":{"line":103,"column":0},"end":{"line":103,"column":23}},"103":{"start":{"line":104,"column":0},"end":{"line":104,"column":2}},"105":{"start":{"line":106,"column":0},"end":{"line":106,"column":30}},"106":{"start":{"line":107,"column":0},"end":{"line":107,"column":37}},"108":{"start":{"line":109,"column":0},"end":{"line":109,"column":39}},"110":{"start":{"line":111,"column":0},"end":{"line":111,"column":30}},"111":{"start":{"line":112,"column":0},"end":{"line":112,"column":18}},"112":{"start":{"line":113,"column":0},"end":{"line":113,"column":5}},"115":{"start":{"line":116,"column":0},"end":{"line":116,"column":64}},"117":{"start":{"line":118,"column":0},"end":{"line":118,"column":17}},"118":{"start":{"line":119,"column":0},"end":{"line":119,"column":18}},"119":{"start":{"line":120,"column":0},"end":{"line":120,"column":5}},"121":{"start":{"line":122,"column":0},"end":{"line":122,"column":40}},"123":{"start":{"line":124,"column":0},"end":{"line":124,"column":60}},"126":{"start":{"line":127,"column":0},"end":{"line":127,"column":72}},"128":{"start":{"line":129,"column":0},"end":{"line":129,"column":60}},"130":{"start":{"line":131,"column":0},"end":{"line":131,"column":33}},"131":{"start":{"line":132,"column":0},"end":{"line":132,"column":4}},"133":{"start":{"line":134,"column":0},"end":{"line":134,"column":10}},"134":{"start":{"line":135,"column":0},"end":{"line":135,"column":36}},"135":{"start":{"line":136,"column":0},"end":{"line":136,"column":56}},"138":{"start":{"line":139,"column":0},"end":{"line":139,"column":31}},"139":{"start":{"line":140,"column":0},"end":{"line":140,"column":45}},"140":{"start":{"line":141,"column":0},"end":{"line":141,"column":56}},"141":{"start":{"line":142,"column":0},"end":{"line":142,"column":25}},"142":{"start":{"line":143,"column":0},"end":{"line":143,"column":18}},"143":{"start":{"line":144,"column":0},"end":{"line":144,"column":36}},"144":{"start":{"line":145,"column":0},"end":{"line":145,"column":26}},"145":{"start":{"line":146,"column":0},"end":{"line":146,"column":25}},"146":{"start":{"line":147,"column":0},"end":{"line":147,"column":11}},"147":{"start":{"line":148,"column":0},"end":{"line":148,"column":10}},"148":{"start":{"line":149,"column":0},"end":{"line":149,"column":7}},"151":{"start":{"line":152,"column":0},"end":{"line":152,"column":11}},"152":{"start":{"line":153,"column":0},"end":{"line":153,"column":46}},"153":{"start":{"line":154,"column":0},"end":{"line":154,"column":46}},"154":{"start":{"line":155,"column":0},"end":{"line":155,"column":15}},"155":{"start":{"line":156,"column":0},"end":{"line":156,"column":16}},"156":{"start":{"line":157,"column":0},"end":{"line":157,"column":25}},"157":{"start":{"line":158,"column":0},"end":{"line":158,"column":18}},"158":{"start":{"line":159,"column":0},"end":{"line":159,"column":57}},"159":{"start":{"line":160,"column":0},"end":{"line":160,"column":26}},"160":{"start":{"line":161,"column":0},"end":{"line":161,"column":27}},"161":{"start":{"line":162,"column":0},"end":{"line":162,"column":11}},"162":{"start":{"line":163,"column":0},"end":{"line":163,"column":10}},"163":{"start":{"line":164,"column":0},"end":{"line":164,"column":7}},"164":{"start":{"line":165,"column":0},"end":{"line":165,"column":6}},"165":{"start":{"line":166,"column":0},"end":{"line":166,"column":73}},"166":{"start":{"line":167,"column":0},"end":{"line":167,"column":28}},"167":{"start":{"line":168,"column":0},"end":{"line":168,"column":30}},"168":{"start":{"line":169,"column":0},"end":{"line":169,"column":98}},"169":{"start":{"line":170,"column":0},"end":{"line":170,"column":6}},"170":{"start":{"line":171,"column":0},"end":{"line":171,"column":15}},"171":{"start":{"line":172,"column":0},"end":{"line":172,"column":4}},"172":{"start":{"line":173,"column":0},"end":{"line":173,"column":5}},"188":{"start":{"line":189,"column":0},"end":{"line":189,"column":26}},"189":{"start":{"line":190,"column":0},"end":{"line":190,"column":32}},"190":{"start":{"line":191,"column":0},"end":{"line":191,"column":19}},"191":{"start":{"line":192,"column":0},"end":{"line":192,"column":53}},"192":{"start":{"line":193,"column":0},"end":{"line":193,"column":49}},"194":{"start":{"line":195,"column":0},"end":{"line":195,"column":64}},"195":{"start":{"line":196,"column":0},"end":{"line":196,"column":49}},"197":{"start":{"line":198,"column":0},"end":{"line":198,"column":34}},"198":{"start":{"line":199,"column":0},"end":{"line":199,"column":37}},"199":{"start":{"line":200,"column":0},"end":{"line":200,"column":5}},"201":{"start":{"line":202,"column":0},"end":{"line":202,"column":26}},"202":{"start":{"line":203,"column":0},"end":{"line":203,"column":64}},"203":{"start":{"line":204,"column":0},"end":{"line":204,"column":35}},"204":{"start":{"line":205,"column":0},"end":{"line":205,"column":52}},"205":{"start":{"line":206,"column":0},"end":{"line":206,"column":29}},"206":{"start":{"line":207,"column":0},"end":{"line":207,"column":31}},"207":{"start":{"line":208,"column":0},"end":{"line":208,"column":39}},"208":{"start":{"line":209,"column":0},"end":{"line":209,"column":61}},"209":{"start":{"line":210,"column":0},"end":{"line":210,"column":24}},"210":{"start":{"line":211,"column":0},"end":{"line":211,"column":9}},"211":{"start":{"line":212,"column":0},"end":{"line":212,"column":7}},"213":{"start":{"line":214,"column":0},"end":{"line":214,"column":35}},"214":{"start":{"line":215,"column":0},"end":{"line":215,"column":4}},"216":{"start":{"line":217,"column":0},"end":{"line":217,"column":51}},"217":{"start":{"line":218,"column":0},"end":{"line":218,"column":33}},"218":{"start":{"line":219,"column":0},"end":{"line":219,"column":4}},"220":{"start":{"line":221,"column":0},"end":{"line":221,"column":54}},"221":{"start":{"line":222,"column":0},"end":{"line":222,"column":36}},"222":{"start":{"line":223,"column":0},"end":{"line":223,"column":4}},"224":{"start":{"line":225,"column":0},"end":{"line":225,"column":11}},"225":{"start":{"line":226,"column":0},"end":{"line":226,"column":23}},"226":{"start":{"line":227,"column":0},"end":{"line":227,"column":27}},"227":{"start":{"line":228,"column":0},"end":{"line":228,"column":35}},"228":{"start":{"line":229,"column":0},"end":{"line":229,"column":27}},"229":{"start":{"line":230,"column":0},"end":{"line":230,"column":3}},"230":{"start":{"line":231,"column":0},"end":{"line":231,"column":2}},"235":{"start":{"line":236,"column":0},"end":{"line":236,"column":57}},"236":{"start":{"line":237,"column":0},"end":{"line":237,"column":30}},"237":{"start":{"line":238,"column":0},"end":{"line":238,"column":31}},"238":{"start":{"line":239,"column":0},"end":{"line":239,"column":15}},"239":{"start":{"line":240,"column":0},"end":{"line":240,"column":7}},"241":{"start":{"line":242,"column":0},"end":{"line":242,"column":87}},"242":{"start":{"line":243,"column":0},"end":{"line":243,"column":52}},"245":{"start":{"line":246,"column":0},"end":{"line":246,"column":113}},"248":{"start":{"line":249,"column":0},"end":{"line":249,"column":62}},"251":{"start":{"line":252,"column":0},"end":{"line":252,"column":69}},"252":{"start":{"line":253,"column":0},"end":{"line":253,"column":101}},"255":{"start":{"line":256,"column":0},"end":{"line":256,"column":95}},"256":{"start":{"line":257,"column":0},"end":{"line":257,"column":71}},"257":{"start":{"line":258,"column":0},"end":{"line":258,"column":32}},"258":{"start":{"line":259,"column":0},"end":{"line":259,"column":14}},"259":{"start":{"line":260,"column":0},"end":{"line":260,"column":43}},"260":{"start":{"line":261,"column":0},"end":{"line":261,"column":39}},"261":{"start":{"line":262,"column":0},"end":{"line":262,"column":47}},"262":{"start":{"line":263,"column":0},"end":{"line":263,"column":8}},"263":{"start":{"line":264,"column":0},"end":{"line":264,"column":5}},"264":{"start":{"line":265,"column":0},"end":{"line":265,"column":56}},"265":{"start":{"line":266,"column":0},"end":{"line":266,"column":5}},"266":{"start":{"line":267,"column":0},"end":{"line":267,"column":69}},"267":{"start":{"line":268,"column":0},"end":{"line":268,"column":32}},"268":{"start":{"line":269,"column":0},"end":{"line":269,"column":14}},"269":{"start":{"line":270,"column":0},"end":{"line":270,"column":43}},"270":{"start":{"line":271,"column":0},"end":{"line":271,"column":39}},"271":{"start":{"line":272,"column":0},"end":{"line":272,"column":47}},"272":{"start":{"line":273,"column":0},"end":{"line":273,"column":8}},"273":{"start":{"line":274,"column":0},"end":{"line":274,"column":5}},"274":{"start":{"line":275,"column":0},"end":{"line":275,"column":56}},"275":{"start":{"line":276,"column":0},"end":{"line":276,"column":5}},"278":{"start":{"line":279,"column":0},"end":{"line":279,"column":50}},"279":{"start":{"line":280,"column":0},"end":{"line":280,"column":52}},"280":{"start":{"line":281,"column":0},"end":{"line":281,"column":72}},"281":{"start":{"line":282,"column":0},"end":{"line":282,"column":82}},"284":{"start":{"line":285,"column":0},"end":{"line":285,"column":71}},"286":{"start":{"line":287,"column":0},"end":{"line":287,"column":47}},"287":{"start":{"line":288,"column":0},"end":{"line":288,"column":30}},"288":{"start":{"line":289,"column":0},"end":{"line":289,"column":11}},"289":{"start":{"line":290,"column":0},"end":{"line":290,"column":50}},"290":{"start":{"line":291,"column":0},"end":{"line":291,"column":76}},"291":{"start":{"line":292,"column":0},"end":{"line":292,"column":15}},"292":{"start":{"line":293,"column":0},"end":{"line":293,"column":51}},"293":{"start":{"line":294,"column":0},"end":{"line":294,"column":7}},"294":{"start":{"line":295,"column":0},"end":{"line":295,"column":5}},"296":{"start":{"line":297,"column":0},"end":{"line":297,"column":47}},"297":{"start":{"line":298,"column":0},"end":{"line":298,"column":5}},"298":{"start":{"line":299,"column":0},"end":{"line":299,"column":97}},"299":{"start":{"line":300,"column":0},"end":{"line":300,"column":56}},"300":{"start":{"line":301,"column":0},"end":{"line":301,"column":105}},"301":{"start":{"line":302,"column":0},"end":{"line":302,"column":72}},"302":{"start":{"line":303,"column":0},"end":{"line":303,"column":66}},"303":{"start":{"line":304,"column":0},"end":{"line":304,"column":47}},"304":{"start":{"line":305,"column":0},"end":{"line":305,"column":51}},"305":{"start":{"line":306,"column":0},"end":{"line":306,"column":56}},"306":{"start":{"line":307,"column":0},"end":{"line":307,"column":13}},"307":{"start":{"line":308,"column":0},"end":{"line":308,"column":44}},"308":{"start":{"line":309,"column":0},"end":{"line":309,"column":39}},"309":{"start":{"line":310,"column":0},"end":{"line":310,"column":42}},"310":{"start":{"line":311,"column":0},"end":{"line":311,"column":50}},"311":{"start":{"line":312,"column":0},"end":{"line":312,"column":21}},"312":{"start":{"line":313,"column":0},"end":{"line":313,"column":22}},"313":{"start":{"line":314,"column":0},"end":{"line":314,"column":9}},"314":{"start":{"line":315,"column":0},"end":{"line":315,"column":8}},"316":{"start":{"line":317,"column":0},"end":{"line":317,"column":14}},"317":{"start":{"line":318,"column":0},"end":{"line":318,"column":56}},"318":{"start":{"line":319,"column":0},"end":{"line":319,"column":52}},"319":{"start":{"line":320,"column":0},"end":{"line":320,"column":26}},"320":{"start":{"line":321,"column":0},"end":{"line":321,"column":8}},"321":{"start":{"line":322,"column":0},"end":{"line":322,"column":5}},"322":{"start":{"line":323,"column":0},"end":{"line":323,"column":12}},"323":{"start":{"line":324,"column":0},"end":{"line":324,"column":22}},"324":{"start":{"line":325,"column":0},"end":{"line":325,"column":20}},"325":{"start":{"line":326,"column":0},"end":{"line":326,"column":24}},"326":{"start":{"line":327,"column":0},"end":{"line":327,"column":6}},"327":{"start":{"line":328,"column":0},"end":{"line":328,"column":5}},"330":{"start":{"line":331,"column":0},"end":{"line":331,"column":50}},"333":{"start":{"line":334,"column":0},"end":{"line":334,"column":19}},"334":{"start":{"line":335,"column":0},"end":{"line":335,"column":45}},"336":{"start":{"line":337,"column":0},"end":{"line":337,"column":35}},"337":{"start":{"line":338,"column":0},"end":{"line":338,"column":48}},"338":{"start":{"line":339,"column":0},"end":{"line":339,"column":30}},"341":{"start":{"line":342,"column":0},"end":{"line":342,"column":58}},"342":{"start":{"line":343,"column":0},"end":{"line":343,"column":54}},"343":{"start":{"line":344,"column":0},"end":{"line":344,"column":7}},"346":{"start":{"line":347,"column":0},"end":{"line":347,"column":46}},"347":{"start":{"line":348,"column":0},"end":{"line":348,"column":59}},"348":{"start":{"line":349,"column":0},"end":{"line":349,"column":41}},"349":{"start":{"line":350,"column":0},"end":{"line":350,"column":7}},"351":{"start":{"line":352,"column":0},"end":{"line":352,"column":30}},"352":{"start":{"line":353,"column":0},"end":{"line":353,"column":5}},"353":{"start":{"line":354,"column":0},"end":{"line":354,"column":99}},"356":{"start":{"line":357,"column":0},"end":{"line":357,"column":41}},"357":{"start":{"line":358,"column":0},"end":{"line":358,"column":29}},"359":{"start":{"line":360,"column":0},"end":{"line":360,"column":47}},"360":{"start":{"line":361,"column":0},"end":{"line":361,"column":59}},"361":{"start":{"line":362,"column":0},"end":{"line":362,"column":12}},"362":{"start":{"line":363,"column":0},"end":{"line":363,"column":69}},"363":{"start":{"line":364,"column":0},"end":{"line":364,"column":5}},"366":{"start":{"line":367,"column":0},"end":{"line":367,"column":66}},"367":{"start":{"line":368,"column":0},"end":{"line":368,"column":30}},"368":{"start":{"line":369,"column":0},"end":{"line":369,"column":42}},"369":{"start":{"line":370,"column":0},"end":{"line":370,"column":47}},"370":{"start":{"line":371,"column":0},"end":{"line":371,"column":37}},"371":{"start":{"line":372,"column":0},"end":{"line":372,"column":47}},"372":{"start":{"line":373,"column":0},"end":{"line":373,"column":51}},"373":{"start":{"line":374,"column":0},"end":{"line":374,"column":7}},"376":{"start":{"line":377,"column":0},"end":{"line":377,"column":35}},"377":{"start":{"line":378,"column":0},"end":{"line":378,"column":15}},"378":{"start":{"line":379,"column":0},"end":{"line":379,"column":25}},"379":{"start":{"line":380,"column":0},"end":{"line":380,"column":31}},"380":{"start":{"line":381,"column":0},"end":{"line":381,"column":46}},"381":{"start":{"line":382,"column":0},"end":{"line":382,"column":23}},"382":{"start":{"line":383,"column":0},"end":{"line":383,"column":22}},"383":{"start":{"line":384,"column":0},"end":{"line":384,"column":15}},"384":{"start":{"line":385,"column":0},"end":{"line":385,"column":21}},"385":{"start":{"line":386,"column":0},"end":{"line":386,"column":24}},"386":{"start":{"line":387,"column":0},"end":{"line":387,"column":9}},"387":{"start":{"line":388,"column":0},"end":{"line":388,"column":9}},"388":{"start":{"line":389,"column":0},"end":{"line":389,"column":5}},"390":{"start":{"line":391,"column":0},"end":{"line":391,"column":23}},"391":{"start":{"line":392,"column":0},"end":{"line":392,"column":60}},"394":{"start":{"line":395,"column":0},"end":{"line":395,"column":52}},"395":{"start":{"line":396,"column":0},"end":{"line":396,"column":69}},"396":{"start":{"line":397,"column":0},"end":{"line":397,"column":35}},"397":{"start":{"line":398,"column":0},"end":{"line":398,"column":5}},"398":{"start":{"line":399,"column":0},"end":{"line":399,"column":46}},"399":{"start":{"line":400,"column":0},"end":{"line":400,"column":93}},"404":{"start":{"line":405,"column":0},"end":{"line":405,"column":38}},"405":{"start":{"line":406,"column":0},"end":{"line":406,"column":38}},"408":{"start":{"line":409,"column":0},"end":{"line":409,"column":59}},"410":{"start":{"line":411,"column":0},"end":{"line":411,"column":45}},"411":{"start":{"line":412,"column":0},"end":{"line":412,"column":77}},"414":{"start":{"line":415,"column":0},"end":{"line":415,"column":42}},"415":{"start":{"line":416,"column":0},"end":{"line":416,"column":38}},"418":{"start":{"line":419,"column":0},"end":{"line":419,"column":81}},"420":{"start":{"line":421,"column":0},"end":{"line":421,"column":41}},"421":{"start":{"line":422,"column":0},"end":{"line":422,"column":33}},"422":{"start":{"line":423,"column":0},"end":{"line":423,"column":29}},"423":{"start":{"line":424,"column":0},"end":{"line":424,"column":33}},"424":{"start":{"line":425,"column":0},"end":{"line":425,"column":6}},"425":{"start":{"line":426,"column":0},"end":{"line":426,"column":163}},"428":{"start":{"line":429,"column":0},"end":{"line":429,"column":52}},"429":{"start":{"line":430,"column":0},"end":{"line":430,"column":38}},"432":{"start":{"line":433,"column":0},"end":{"line":433,"column":81}},"434":{"start":{"line":435,"column":0},"end":{"line":435,"column":93}},"435":{"start":{"line":436,"column":0},"end":{"line":436,"column":110}},"438":{"start":{"line":439,"column":0},"end":{"line":439,"column":49}},"439":{"start":{"line":440,"column":0},"end":{"line":440,"column":56}},"440":{"start":{"line":441,"column":0},"end":{"line":441,"column":4}},"443":{"start":{"line":444,"column":0},"end":{"line":444,"column":64}},"446":{"start":{"line":447,"column":0},"end":{"line":447,"column":19}},"447":{"start":{"line":448,"column":0},"end":{"line":448,"column":42}},"448":{"start":{"line":449,"column":0},"end":{"line":449,"column":48}},"449":{"start":{"line":450,"column":0},"end":{"line":450,"column":5}},"450":{"start":{"line":451,"column":0},"end":{"line":451,"column":38}},"453":{"start":{"line":454,"column":0},"end":{"line":454,"column":19}},"454":{"start":{"line":455,"column":0},"end":{"line":455,"column":50}},"456":{"start":{"line":457,"column":0},"end":{"line":457,"column":56}},"457":{"start":{"line":458,"column":0},"end":{"line":458,"column":81}},"459":{"start":{"line":460,"column":0},"end":{"line":460,"column":24}},"460":{"start":{"line":461,"column":0},"end":{"line":461,"column":108}},"461":{"start":{"line":462,"column":0},"end":{"line":462,"column":62}},"462":{"start":{"line":463,"column":0},"end":{"line":463,"column":48}},"463":{"start":{"line":464,"column":0},"end":{"line":464,"column":5}},"464":{"start":{"line":465,"column":0},"end":{"line":465,"column":66}},"467":{"start":{"line":468,"column":0},"end":{"line":468,"column":85}},"468":{"start":{"line":469,"column":0},"end":{"line":469,"column":83}},"471":{"start":{"line":472,"column":0},"end":{"line":472,"column":19}},"472":{"start":{"line":473,"column":0},"end":{"line":473,"column":33}},"474":{"start":{"line":475,"column":0},"end":{"line":475,"column":63}},"475":{"start":{"line":476,"column":0},"end":{"line":476,"column":35}},"476":{"start":{"line":477,"column":0},"end":{"line":477,"column":42}},"477":{"start":{"line":478,"column":0},"end":{"line":478,"column":7}},"478":{"start":{"line":479,"column":0},"end":{"line":479,"column":49}},"480":{"start":{"line":481,"column":0},"end":{"line":481,"column":18}},"481":{"start":{"line":482,"column":0},"end":{"line":482,"column":44}},"482":{"start":{"line":483,"column":0},"end":{"line":483,"column":49}},"483":{"start":{"line":484,"column":0},"end":{"line":484,"column":7}},"484":{"start":{"line":485,"column":0},"end":{"line":485,"column":6}},"485":{"start":{"line":486,"column":0},"end":{"line":486,"column":24}},"488":{"start":{"line":489,"column":0},"end":{"line":489,"column":32}},"489":{"start":{"line":490,"column":0},"end":{"line":490,"column":53}},"491":{"start":{"line":492,"column":0},"end":{"line":492,"column":80}},"492":{"start":{"line":493,"column":0},"end":{"line":493,"column":30}},"493":{"start":{"line":494,"column":0},"end":{"line":494,"column":50}},"494":{"start":{"line":495,"column":0},"end":{"line":495,"column":46}},"495":{"start":{"line":496,"column":0},"end":{"line":496,"column":5}},"496":{"start":{"line":497,"column":0},"end":{"line":497,"column":18}},"497":{"start":{"line":498,"column":0},"end":{"line":498,"column":62}},"500":{"start":{"line":501,"column":0},"end":{"line":501,"column":19}},"501":{"start":{"line":502,"column":0},"end":{"line":502,"column":45}},"502":{"start":{"line":503,"column":0},"end":{"line":503,"column":28}},"503":{"start":{"line":504,"column":0},"end":{"line":504,"column":5}},"504":{"start":{"line":505,"column":0},"end":{"line":505,"column":30}},"508":{"start":{"line":509,"column":0},"end":{"line":509,"column":19}},"509":{"start":{"line":510,"column":0},"end":{"line":510,"column":37}},"510":{"start":{"line":511,"column":0},"end":{"line":511,"column":31}},"512":{"start":{"line":513,"column":0},"end":{"line":513,"column":43}},"513":{"start":{"line":514,"column":0},"end":{"line":514,"column":47}},"514":{"start":{"line":515,"column":0},"end":{"line":515,"column":22}},"517":{"start":{"line":518,"column":0},"end":{"line":518,"column":34}},"518":{"start":{"line":519,"column":0},"end":{"line":519,"column":53}},"521":{"start":{"line":522,"column":0},"end":{"line":522,"column":26}},"522":{"start":{"line":523,"column":0},"end":{"line":523,"column":16}},"523":{"start":{"line":524,"column":0},"end":{"line":524,"column":14}},"524":{"start":{"line":525,"column":0},"end":{"line":525,"column":27}},"525":{"start":{"line":526,"column":0},"end":{"line":526,"column":11}},"527":{"start":{"line":528,"column":0},"end":{"line":528,"column":25}},"528":{"start":{"line":529,"column":0},"end":{"line":529,"column":16}},"529":{"start":{"line":530,"column":0},"end":{"line":530,"column":14}},"530":{"start":{"line":531,"column":0},"end":{"line":531,"column":27}},"531":{"start":{"line":532,"column":0},"end":{"line":532,"column":11}},"534":{"start":{"line":535,"column":0},"end":{"line":535,"column":58}},"535":{"start":{"line":536,"column":0},"end":{"line":536,"column":15}},"536":{"start":{"line":537,"column":0},"end":{"line":537,"column":46}},"537":{"start":{"line":538,"column":0},"end":{"line":538,"column":41}},"538":{"start":{"line":539,"column":0},"end":{"line":539,"column":44}},"539":{"start":{"line":540,"column":0},"end":{"line":540,"column":52}},"540":{"start":{"line":541,"column":0},"end":{"line":541,"column":23}},"541":{"start":{"line":542,"column":0},"end":{"line":542,"column":24}},"542":{"start":{"line":543,"column":0},"end":{"line":543,"column":11}},"543":{"start":{"line":544,"column":0},"end":{"line":544,"column":10}},"546":{"start":{"line":547,"column":0},"end":{"line":547,"column":29}},"547":{"start":{"line":548,"column":0},"end":{"line":548,"column":45}},"548":{"start":{"line":549,"column":0},"end":{"line":549,"column":41}},"549":{"start":{"line":550,"column":0},"end":{"line":550,"column":28}},"550":{"start":{"line":551,"column":0},"end":{"line":551,"column":11}},"551":{"start":{"line":552,"column":0},"end":{"line":552,"column":7}},"552":{"start":{"line":553,"column":0},"end":{"line":553,"column":5}},"553":{"start":{"line":554,"column":0},"end":{"line":554,"column":79}},"556":{"start":{"line":557,"column":0},"end":{"line":557,"column":19}},"557":{"start":{"line":558,"column":0},"end":{"line":558,"column":38}},"558":{"start":{"line":559,"column":0},"end":{"line":559,"column":50}},"559":{"start":{"line":560,"column":0},"end":{"line":560,"column":5}},"560":{"start":{"line":561,"column":0},"end":{"line":561,"column":36}},"563":{"start":{"line":564,"column":0},"end":{"line":564,"column":19}},"564":{"start":{"line":565,"column":0},"end":{"line":565,"column":80}},"566":{"start":{"line":567,"column":0},"end":{"line":567,"column":97}},"567":{"start":{"line":568,"column":0},"end":{"line":568,"column":41}},"569":{"start":{"line":570,"column":0},"end":{"line":570,"column":32}},"570":{"start":{"line":571,"column":0},"end":{"line":571,"column":59}},"571":{"start":{"line":572,"column":0},"end":{"line":572,"column":53}},"572":{"start":{"line":573,"column":0},"end":{"line":573,"column":7}},"573":{"start":{"line":574,"column":0},"end":{"line":574,"column":6}},"576":{"start":{"line":577,"column":0},"end":{"line":577,"column":58}},"577":{"start":{"line":578,"column":0},"end":{"line":578,"column":62}},"579":{"start":{"line":580,"column":0},"end":{"line":580,"column":18}},"580":{"start":{"line":581,"column":0},"end":{"line":581,"column":35}},"581":{"start":{"line":582,"column":0},"end":{"line":582,"column":39}},"582":{"start":{"line":583,"column":0},"end":{"line":583,"column":6}},"583":{"start":{"line":584,"column":0},"end":{"line":584,"column":93}},"586":{"start":{"line":587,"column":0},"end":{"line":587,"column":63}},"587":{"start":{"line":588,"column":0},"end":{"line":588,"column":27}},"588":{"start":{"line":589,"column":0},"end":{"line":589,"column":14}},"589":{"start":{"line":590,"column":0},"end":{"line":590,"column":35}},"590":{"start":{"line":591,"column":0},"end":{"line":591,"column":35}},"591":{"start":{"line":592,"column":0},"end":{"line":592,"column":8}},"592":{"start":{"line":593,"column":0},"end":{"line":593,"column":5}},"594":{"start":{"line":595,"column":0},"end":{"line":595,"column":51}},"595":{"start":{"line":596,"column":0},"end":{"line":596,"column":19}},"596":{"start":{"line":597,"column":0},"end":{"line":597,"column":18}},"597":{"start":{"line":598,"column":0},"end":{"line":598,"column":30}},"598":{"start":{"line":599,"column":0},"end":{"line":599,"column":21}},"599":{"start":{"line":600,"column":0},"end":{"line":600,"column":44}},"600":{"start":{"line":601,"column":0},"end":{"line":601,"column":7}},"601":{"start":{"line":602,"column":0},"end":{"line":602,"column":6}},"602":{"start":{"line":603,"column":0},"end":{"line":603,"column":76}},"605":{"start":{"line":606,"column":0},"end":{"line":606,"column":85}},"606":{"start":{"line":607,"column":0},"end":{"line":607,"column":27}},"607":{"start":{"line":608,"column":0},"end":{"line":608,"column":14}},"608":{"start":{"line":609,"column":0},"end":{"line":609,"column":43}},"609":{"start":{"line":610,"column":0},"end":{"line":610,"column":33}},"610":{"start":{"line":611,"column":0},"end":{"line":611,"column":34}},"611":{"start":{"line":612,"column":0},"end":{"line":612,"column":8}},"612":{"start":{"line":613,"column":0},"end":{"line":613,"column":5}},"614":{"start":{"line":615,"column":0},"end":{"line":615,"column":59}},"615":{"start":{"line":616,"column":0},"end":{"line":616,"column":19}},"616":{"start":{"line":617,"column":0},"end":{"line":617,"column":18}},"617":{"start":{"line":618,"column":0},"end":{"line":618,"column":27}},"618":{"start":{"line":619,"column":0},"end":{"line":619,"column":30}},"619":{"start":{"line":620,"column":0},"end":{"line":620,"column":21}},"620":{"start":{"line":621,"column":0},"end":{"line":621,"column":44}},"621":{"start":{"line":622,"column":0},"end":{"line":622,"column":8}},"622":{"start":{"line":623,"column":0},"end":{"line":623,"column":21}},"623":{"start":{"line":624,"column":0},"end":{"line":624,"column":20}},"624":{"start":{"line":625,"column":0},"end":{"line":625,"column":6}},"625":{"start":{"line":626,"column":0},"end":{"line":626,"column":130}},"628":{"start":{"line":629,"column":0},"end":{"line":629,"column":42}},"629":{"start":{"line":630,"column":0},"end":{"line":630,"column":27}},"631":{"start":{"line":632,"column":0},"end":{"line":632,"column":132}},"633":{"start":{"line":634,"column":0},"end":{"line":634,"column":8}},"634":{"start":{"line":635,"column":0},"end":{"line":635,"column":5}},"636":{"start":{"line":637,"column":0},"end":{"line":637,"column":55}},"637":{"start":{"line":638,"column":0},"end":{"line":638,"column":20}},"638":{"start":{"line":639,"column":0},"end":{"line":639,"column":23}},"639":{"start":{"line":640,"column":0},"end":{"line":640,"column":23}},"640":{"start":{"line":641,"column":0},"end":{"line":641,"column":26}},"641":{"start":{"line":642,"column":0},"end":{"line":642,"column":26}},"642":{"start":{"line":643,"column":0},"end":{"line":643,"column":22}},"643":{"start":{"line":644,"column":0},"end":{"line":644,"column":29}},"644":{"start":{"line":645,"column":0},"end":{"line":645,"column":64}},"645":{"start":{"line":646,"column":0},"end":{"line":646,"column":6}},"646":{"start":{"line":647,"column":0},"end":{"line":647,"column":81}},"649":{"start":{"line":650,"column":0},"end":{"line":650,"column":38}},"650":{"start":{"line":651,"column":0},"end":{"line":651,"column":51}},"651":{"start":{"line":652,"column":0},"end":{"line":652,"column":19}},"652":{"start":{"line":653,"column":0},"end":{"line":653,"column":29}},"653":{"start":{"line":654,"column":0},"end":{"line":654,"column":29}},"654":{"start":{"line":655,"column":0},"end":{"line":655,"column":33}},"655":{"start":{"line":656,"column":0},"end":{"line":656,"column":6}},"656":{"start":{"line":657,"column":0},"end":{"line":657,"column":95}},"657":{"start":{"line":658,"column":0},"end":{"line":658,"column":4}},"660":{"start":{"line":661,"column":0},"end":{"line":661,"column":71}},"661":{"start":{"line":662,"column":0},"end":{"line":662,"column":48}},"662":{"start":{"line":663,"column":0},"end":{"line":663,"column":14}},"663":{"start":{"line":664,"column":0},"end":{"line":664,"column":40}},"664":{"start":{"line":665,"column":0},"end":{"line":665,"column":38}},"665":{"start":{"line":666,"column":0},"end":{"line":666,"column":8}},"666":{"start":{"line":667,"column":0},"end":{"line":667,"column":5}},"668":{"start":{"line":669,"column":0},"end":{"line":669,"column":55}},"669":{"start":{"line":670,"column":0},"end":{"line":670,"column":23}},"670":{"start":{"line":671,"column":0},"end":{"line":671,"column":18}},"671":{"start":{"line":672,"column":0},"end":{"line":672,"column":21}},"672":{"start":{"line":673,"column":0},"end":{"line":673,"column":23}},"673":{"start":{"line":674,"column":0},"end":{"line":674,"column":22}},"674":{"start":{"line":675,"column":0},"end":{"line":675,"column":34}},"675":{"start":{"line":676,"column":0},"end":{"line":676,"column":20}},"676":{"start":{"line":677,"column":0},"end":{"line":677,"column":26}},"677":{"start":{"line":678,"column":0},"end":{"line":678,"column":6}},"678":{"start":{"line":679,"column":0},"end":{"line":679,"column":172}},"681":{"start":{"line":682,"column":0},"end":{"line":682,"column":114}},"682":{"start":{"line":683,"column":0},"end":{"line":683,"column":53}},"683":{"start":{"line":684,"column":0},"end":{"line":684,"column":23}},"684":{"start":{"line":685,"column":0},"end":{"line":685,"column":26}},"685":{"start":{"line":686,"column":0},"end":{"line":686,"column":21}},"686":{"start":{"line":687,"column":0},"end":{"line":687,"column":26}},"687":{"start":{"line":688,"column":0},"end":{"line":688,"column":22}},"688":{"start":{"line":689,"column":0},"end":{"line":689,"column":16}},"689":{"start":{"line":690,"column":0},"end":{"line":690,"column":21}},"690":{"start":{"line":691,"column":0},"end":{"line":691,"column":20}},"691":{"start":{"line":692,"column":0},"end":{"line":692,"column":24}},"692":{"start":{"line":693,"column":0},"end":{"line":693,"column":31}},"693":{"start":{"line":694,"column":0},"end":{"line":694,"column":6}},"694":{"start":{"line":695,"column":0},"end":{"line":695,"column":185}},"695":{"start":{"line":696,"column":0},"end":{"line":696,"column":4}},"698":{"start":{"line":699,"column":0},"end":{"line":699,"column":42}},"699":{"start":{"line":700,"column":0},"end":{"line":700,"column":35}},"700":{"start":{"line":701,"column":0},"end":{"line":701,"column":27}},"701":{"start":{"line":702,"column":0},"end":{"line":702,"column":44}},"704":{"start":{"line":705,"column":0},"end":{"line":705,"column":44}},"705":{"start":{"line":706,"column":0},"end":{"line":706,"column":18}},"706":{"start":{"line":707,"column":0},"end":{"line":707,"column":48}},"707":{"start":{"line":708,"column":0},"end":{"line":708,"column":20}},"710":{"start":{"line":711,"column":0},"end":{"line":711,"column":53}},"711":{"start":{"line":712,"column":0},"end":{"line":712,"column":38}},"713":{"start":{"line":714,"column":0},"end":{"line":714,"column":12}},"714":{"start":{"line":715,"column":0},"end":{"line":715,"column":19}},"715":{"start":{"line":716,"column":0},"end":{"line":716,"column":23}},"716":{"start":{"line":717,"column":0},"end":{"line":717,"column":37}},"717":{"start":{"line":718,"column":0},"end":{"line":718,"column":47}},"718":{"start":{"line":719,"column":0},"end":{"line":719,"column":45}},"719":{"start":{"line":720,"column":0},"end":{"line":720,"column":33}},"720":{"start":{"line":721,"column":0},"end":{"line":721,"column":46}},"721":{"start":{"line":722,"column":0},"end":{"line":722,"column":54}},"722":{"start":{"line":723,"column":0},"end":{"line":723,"column":21}},"723":{"start":{"line":724,"column":0},"end":{"line":724,"column":54}},"724":{"start":{"line":725,"column":0},"end":{"line":725,"column":54}},"725":{"start":{"line":726,"column":0},"end":{"line":726,"column":27}},"726":{"start":{"line":727,"column":0},"end":{"line":727,"column":33}},"727":{"start":{"line":728,"column":0},"end":{"line":728,"column":8}},"729":{"start":{"line":730,"column":0},"end":{"line":730,"column":154}},"732":{"start":{"line":733,"column":0},"end":{"line":733,"column":19}},"734":{"start":{"line":735,"column":0},"end":{"line":735,"column":37}},"736":{"start":{"line":737,"column":0},"end":{"line":737,"column":83}},"737":{"start":{"line":738,"column":0},"end":{"line":738,"column":25}},"738":{"start":{"line":739,"column":0},"end":{"line":739,"column":7}},"739":{"start":{"line":740,"column":0},"end":{"line":740,"column":6}},"742":{"start":{"line":743,"column":0},"end":{"line":743,"column":88}},"745":{"start":{"line":746,"column":0},"end":{"line":746,"column":18}},"746":{"start":{"line":747,"column":0},"end":{"line":747,"column":43}},"747":{"start":{"line":748,"column":0},"end":{"line":748,"column":6}},"748":{"start":{"line":749,"column":0},"end":{"line":749,"column":51}},"751":{"start":{"line":752,"column":0},"end":{"line":752,"column":19}},"752":{"start":{"line":753,"column":0},"end":{"line":753,"column":40}},"754":{"start":{"line":755,"column":0},"end":{"line":755,"column":53}},"755":{"start":{"line":756,"column":0},"end":{"line":756,"column":36}},"756":{"start":{"line":757,"column":0},"end":{"line":757,"column":62}},"757":{"start":{"line":758,"column":0},"end":{"line":758,"column":37}},"758":{"start":{"line":759,"column":0},"end":{"line":759,"column":5}},"759":{"start":{"line":760,"column":0},"end":{"line":760,"column":37}},"762":{"start":{"line":763,"column":0},"end":{"line":763,"column":66}},"763":{"start":{"line":764,"column":0},"end":{"line":764,"column":60}},"764":{"start":{"line":765,"column":0},"end":{"line":765,"column":56}},"765":{"start":{"line":766,"column":0},"end":{"line":766,"column":27}},"766":{"start":{"line":767,"column":0},"end":{"line":767,"column":42}},"769":{"start":{"line":770,"column":0},"end":{"line":770,"column":67}},"770":{"start":{"line":771,"column":0},"end":{"line":771,"column":50}},"773":{"start":{"line":774,"column":0},"end":{"line":774,"column":29}},"774":{"start":{"line":775,"column":0},"end":{"line":775,"column":33}},"775":{"start":{"line":776,"column":0},"end":{"line":776,"column":28}},"776":{"start":{"line":777,"column":0},"end":{"line":777,"column":30}},"777":{"start":{"line":778,"column":0},"end":{"line":778,"column":7}},"780":{"start":{"line":781,"column":0},"end":{"line":781,"column":66}},"781":{"start":{"line":782,"column":0},"end":{"line":782,"column":79}},"782":{"start":{"line":783,"column":0},"end":{"line":783,"column":25}},"785":{"start":{"line":786,"column":0},"end":{"line":786,"column":44}},"786":{"start":{"line":787,"column":0},"end":{"line":787,"column":49}},"787":{"start":{"line":788,"column":0},"end":{"line":788,"column":35}},"789":{"start":{"line":790,"column":0},"end":{"line":790,"column":54}},"790":{"start":{"line":791,"column":0},"end":{"line":791,"column":51}},"793":{"start":{"line":794,"column":0},"end":{"line":794,"column":83}},"796":{"start":{"line":797,"column":0},"end":{"line":797,"column":60}},"797":{"start":{"line":798,"column":0},"end":{"line":798,"column":22}},"798":{"start":{"line":799,"column":0},"end":{"line":799,"column":20}},"799":{"start":{"line":800,"column":0},"end":{"line":800,"column":8}},"802":{"start":{"line":803,"column":0},"end":{"line":803,"column":43}},"805":{"start":{"line":806,"column":0},"end":{"line":806,"column":58}},"807":{"start":{"line":808,"column":0},"end":{"line":808,"column":30}},"808":{"start":{"line":809,"column":0},"end":{"line":809,"column":38}},"811":{"start":{"line":812,"column":0},"end":{"line":812,"column":66}},"812":{"start":{"line":813,"column":0},"end":{"line":813,"column":48}},"813":{"start":{"line":814,"column":0},"end":{"line":814,"column":9}},"815":{"start":{"line":816,"column":0},"end":{"line":816,"column":75}},"816":{"start":{"line":817,"column":0},"end":{"line":817,"column":63}},"817":{"start":{"line":818,"column":0},"end":{"line":818,"column":7}},"818":{"start":{"line":819,"column":0},"end":{"line":819,"column":5}},"819":{"start":{"line":820,"column":0},"end":{"line":820,"column":183}},"822":{"start":{"line":823,"column":0},"end":{"line":823,"column":19}},"823":{"start":{"line":824,"column":0},"end":{"line":824,"column":41}},"824":{"start":{"line":825,"column":0},"end":{"line":825,"column":20}},"827":{"start":{"line":828,"column":0},"end":{"line":828,"column":34}},"829":{"start":{"line":830,"column":0},"end":{"line":830,"column":20}},"832":{"start":{"line":833,"column":0},"end":{"line":833,"column":27}},"833":{"start":{"line":834,"column":0},"end":{"line":834,"column":31}},"836":{"start":{"line":837,"column":0},"end":{"line":837,"column":34}},"837":{"start":{"line":838,"column":0},"end":{"line":838,"column":63}},"838":{"start":{"line":839,"column":0},"end":{"line":839,"column":14}},"839":{"start":{"line":840,"column":0},"end":{"line":840,"column":36}},"840":{"start":{"line":841,"column":0},"end":{"line":841,"column":7}},"843":{"start":{"line":844,"column":0},"end":{"line":844,"column":50}},"844":{"start":{"line":845,"column":0},"end":{"line":845,"column":48}},"845":{"start":{"line":846,"column":0},"end":{"line":846,"column":30}},"848":{"start":{"line":849,"column":0},"end":{"line":849,"column":58}},"849":{"start":{"line":850,"column":0},"end":{"line":850,"column":54}},"852":{"start":{"line":853,"column":0},"end":{"line":853,"column":32}},"853":{"start":{"line":854,"column":0},"end":{"line":854,"column":83}},"854":{"start":{"line":855,"column":0},"end":{"line":855,"column":42}},"855":{"start":{"line":856,"column":0},"end":{"line":856,"column":9}},"856":{"start":{"line":857,"column":0},"end":{"line":857,"column":7}},"857":{"start":{"line":858,"column":0},"end":{"line":858,"column":5}},"860":{"start":{"line":861,"column":0},"end":{"line":861,"column":33}},"861":{"start":{"line":862,"column":0},"end":{"line":862,"column":36}},"862":{"start":{"line":863,"column":0},"end":{"line":863,"column":5}},"863":{"start":{"line":864,"column":0},"end":{"line":864,"column":4}},"869":{"start":{"line":870,"column":0},"end":{"line":870,"column":19}},"870":{"start":{"line":871,"column":0},"end":{"line":871,"column":63}},"872":{"start":{"line":873,"column":0},"end":{"line":873,"column":32}},"873":{"start":{"line":874,"column":0},"end":{"line":874,"column":23}},"874":{"start":{"line":875,"column":0},"end":{"line":875,"column":6}},"877":{"start":{"line":878,"column":0},"end":{"line":878,"column":71}},"879":{"start":{"line":880,"column":0},"end":{"line":880,"column":18}},"880":{"start":{"line":881,"column":0},"end":{"line":881,"column":57}},"881":{"start":{"line":882,"column":0},"end":{"line":882,"column":6}},"882":{"start":{"line":883,"column":0},"end":{"line":883,"column":37}},"885":{"start":{"line":886,"column":0},"end":{"line":886,"column":39}},"886":{"start":{"line":887,"column":0},"end":{"line":887,"column":38}},"890":{"start":{"line":891,"column":0},"end":{"line":891,"column":96}},"891":{"start":{"line":892,"column":0},"end":{"line":892,"column":49}},"892":{"start":{"line":893,"column":0},"end":{"line":893,"column":5}},"895":{"start":{"line":896,"column":0},"end":{"line":896,"column":87}},"896":{"start":{"line":897,"column":0},"end":{"line":897,"column":31}},"898":{"start":{"line":899,"column":0},"end":{"line":899,"column":36}},"899":{"start":{"line":900,"column":0},"end":{"line":900,"column":45}},"900":{"start":{"line":901,"column":0},"end":{"line":901,"column":7}},"901":{"start":{"line":902,"column":0},"end":{"line":902,"column":54}},"902":{"start":{"line":903,"column":0},"end":{"line":903,"column":5}},"904":{"start":{"line":905,"column":0},"end":{"line":905,"column":12}},"905":{"start":{"line":906,"column":0},"end":{"line":906,"column":8}},"906":{"start":{"line":907,"column":0},"end":{"line":907,"column":33}},"907":{"start":{"line":908,"column":0},"end":{"line":908,"column":12}},"908":{"start":{"line":909,"column":0},"end":{"line":909,"column":61}},"909":{"start":{"line":910,"column":0},"end":{"line":910,"column":28}},"910":{"start":{"line":911,"column":0},"end":{"line":911,"column":38}},"911":{"start":{"line":912,"column":0},"end":{"line":912,"column":30}},"912":{"start":{"line":913,"column":0},"end":{"line":913,"column":38}},"913":{"start":{"line":914,"column":0},"end":{"line":914,"column":24}},"914":{"start":{"line":915,"column":0},"end":{"line":915,"column":80}},"915":{"start":{"line":916,"column":0},"end":{"line":916,"column":91}},"916":{"start":{"line":917,"column":0},"end":{"line":917,"column":85}},"917":{"start":{"line":918,"column":0},"end":{"line":918,"column":15}},"918":{"start":{"line":919,"column":0},"end":{"line":919,"column":53}},"919":{"start":{"line":920,"column":0},"end":{"line":920,"column":33}},"920":{"start":{"line":921,"column":0},"end":{"line":921,"column":47}},"921":{"start":{"line":922,"column":0},"end":{"line":922,"column":53}},"922":{"start":{"line":923,"column":0},"end":{"line":923,"column":53}},"923":{"start":{"line":924,"column":0},"end":{"line":924,"column":56}},"924":{"start":{"line":925,"column":0},"end":{"line":925,"column":54}},"925":{"start":{"line":926,"column":0},"end":{"line":926,"column":37}},"926":{"start":{"line":927,"column":0},"end":{"line":927,"column":18}},"928":{"start":{"line":929,"column":0},"end":{"line":929,"column":18}},"930":{"start":{"line":931,"column":0},"end":{"line":931,"column":27}},"931":{"start":{"line":932,"column":0},"end":{"line":932,"column":29}},"932":{"start":{"line":933,"column":0},"end":{"line":933,"column":52}},"933":{"start":{"line":934,"column":0},"end":{"line":934,"column":39}},"934":{"start":{"line":935,"column":0},"end":{"line":935,"column":42}},"935":{"start":{"line":936,"column":0},"end":{"line":936,"column":33}},"936":{"start":{"line":937,"column":0},"end":{"line":937,"column":14}},"937":{"start":{"line":938,"column":0},"end":{"line":938,"column":13}},"940":{"start":{"line":941,"column":0},"end":{"line":941,"column":43}},"941":{"start":{"line":942,"column":0},"end":{"line":942,"column":23}},"942":{"start":{"line":943,"column":0},"end":{"line":943,"column":33}},"943":{"start":{"line":944,"column":0},"end":{"line":944,"column":37}},"944":{"start":{"line":945,"column":0},"end":{"line":945,"column":45}},"945":{"start":{"line":946,"column":0},"end":{"line":946,"column":12}},"948":{"start":{"line":949,"column":0},"end":{"line":949,"column":70}},"949":{"start":{"line":950,"column":0},"end":{"line":950,"column":43}},"950":{"start":{"line":951,"column":0},"end":{"line":951,"column":38}},"951":{"start":{"line":952,"column":0},"end":{"line":952,"column":45}},"952":{"start":{"line":953,"column":0},"end":{"line":953,"column":64}},"953":{"start":{"line":954,"column":0},"end":{"line":954,"column":38}},"954":{"start":{"line":955,"column":0},"end":{"line":955,"column":22}},"956":{"start":{"line":957,"column":0},"end":{"line":957,"column":14}},"957":{"start":{"line":958,"column":0},"end":{"line":958,"column":16}},"958":{"start":{"line":959,"column":0},"end":{"line":959,"column":14}},"960":{"start":{"line":961,"column":0},"end":{"line":961,"column":33}},"961":{"start":{"line":962,"column":0},"end":{"line":962,"column":25}},"962":{"start":{"line":963,"column":0},"end":{"line":963,"column":56}},"963":{"start":{"line":964,"column":0},"end":{"line":964,"column":40}},"964":{"start":{"line":965,"column":0},"end":{"line":965,"column":39}},"965":{"start":{"line":966,"column":0},"end":{"line":966,"column":12}},"968":{"start":{"line":969,"column":0},"end":{"line":969,"column":46}},"969":{"start":{"line":970,"column":0},"end":{"line":970,"column":31}},"970":{"start":{"line":971,"column":0},"end":{"line":971,"column":55}},"971":{"start":{"line":972,"column":0},"end":{"line":972,"column":37}},"972":{"start":{"line":973,"column":0},"end":{"line":973,"column":12}},"975":{"start":{"line":976,"column":0},"end":{"line":976,"column":57}},"976":{"start":{"line":977,"column":0},"end":{"line":977,"column":23}},"977":{"start":{"line":978,"column":0},"end":{"line":978,"column":34}},"978":{"start":{"line":979,"column":0},"end":{"line":979,"column":51}},"979":{"start":{"line":980,"column":0},"end":{"line":980,"column":12}},"981":{"start":{"line":982,"column":0},"end":{"line":982,"column":9}},"983":{"start":{"line":984,"column":0},"end":{"line":984,"column":4}},"985":{"start":{"line":986,"column":0},"end":{"line":986,"column":51}},"986":{"start":{"line":987,"column":0},"end":{"line":987,"column":48}},"989":{"start":{"line":990,"column":0},"end":{"line":990,"column":19}},"990":{"start":{"line":991,"column":0},"end":{"line":991,"column":18}},"991":{"start":{"line":992,"column":0},"end":{"line":992,"column":24}},"992":{"start":{"line":993,"column":0},"end":{"line":993,"column":5}},"993":{"start":{"line":994,"column":0},"end":{"line":994,"column":15}},"996":{"start":{"line":997,"column":0},"end":{"line":997,"column":19}},"997":{"start":{"line":998,"column":0},"end":{"line":998,"column":24}},"1000":{"start":{"line":1001,"column":0},"end":{"line":1001,"column":22}},"1003":{"start":{"line":1004,"column":0},"end":{"line":1004,"column":36}},"1004":{"start":{"line":1005,"column":0},"end":{"line":1005,"column":23}},"1005":{"start":{"line":1006,"column":0},"end":{"line":1006,"column":11}},"1007":{"start":{"line":1008,"column":0},"end":{"line":1008,"column":37}},"1008":{"start":{"line":1009,"column":0},"end":{"line":1009,"column":15}},"1013":{"start":{"line":1014,"column":0},"end":{"line":1014,"column":10}},"1014":{"start":{"line":1015,"column":0},"end":{"line":1015,"column":26}},"1015":{"start":{"line":1016,"column":0},"end":{"line":1016,"column":33}},"1016":{"start":{"line":1017,"column":0},"end":{"line":1017,"column":47}},"1018":{"start":{"line":1019,"column":0},"end":{"line":1019,"column":72}},"1030":{"start":{"line":1031,"column":0},"end":{"line":1031,"column":8}},"1032":{"start":{"line":1033,"column":0},"end":{"line":1033,"column":10}},"1033":{"start":{"line":1034,"column":0},"end":{"line":1034,"column":40}},"1034":{"start":{"line":1035,"column":0},"end":{"line":1035,"column":45}},"1035":{"start":{"line":1036,"column":0},"end":{"line":1036,"column":48}},"1037":{"start":{"line":1038,"column":0},"end":{"line":1038,"column":33}},"1038":{"start":{"line":1039,"column":0},"end":{"line":1039,"column":17}},"1039":{"start":{"line":1040,"column":0},"end":{"line":1040,"column":14}},"1040":{"start":{"line":1041,"column":0},"end":{"line":1041,"column":45}},"1041":{"start":{"line":1042,"column":0},"end":{"line":1042,"column":73}},"1042":{"start":{"line":1043,"column":0},"end":{"line":1043,"column":44}},"1043":{"start":{"line":1044,"column":0},"end":{"line":1044,"column":37}},"1046":{"start":{"line":1047,"column":0},"end":{"line":1047,"column":18}},"1048":{"start":{"line":1049,"column":0},"end":{"line":1049,"column":49}},"1049":{"start":{"line":1050,"column":0},"end":{"line":1050,"column":16}},"1050":{"start":{"line":1051,"column":0},"end":{"line":1051,"column":26}},"1051":{"start":{"line":1052,"column":0},"end":{"line":1052,"column":49}},"1052":{"start":{"line":1053,"column":0},"end":{"line":1053,"column":23}},"1053":{"start":{"line":1054,"column":0},"end":{"line":1054,"column":122}},"1054":{"start":{"line":1055,"column":0},"end":{"line":1055,"column":20}},"1055":{"start":{"line":1056,"column":0},"end":{"line":1056,"column":36}},"1056":{"start":{"line":1057,"column":0},"end":{"line":1057,"column":38}},"1057":{"start":{"line":1058,"column":0},"end":{"line":1058,"column":45}},"1058":{"start":{"line":1059,"column":0},"end":{"line":1059,"column":12}},"1062":{"start":{"line":1063,"column":0},"end":{"line":1063,"column":20}},"1063":{"start":{"line":1064,"column":0},"end":{"line":1064,"column":49}},"1064":{"start":{"line":1065,"column":0},"end":{"line":1065,"column":30}},"1065":{"start":{"line":1066,"column":0},"end":{"line":1066,"column":29}},"1066":{"start":{"line":1067,"column":0},"end":{"line":1067,"column":48}},"1067":{"start":{"line":1068,"column":0},"end":{"line":1068,"column":41}},"1068":{"start":{"line":1069,"column":0},"end":{"line":1069,"column":54}},"1069":{"start":{"line":1070,"column":0},"end":{"line":1070,"column":52}},"1070":{"start":{"line":1071,"column":0},"end":{"line":1071,"column":46}},"1071":{"start":{"line":1072,"column":0},"end":{"line":1072,"column":72}},"1072":{"start":{"line":1073,"column":0},"end":{"line":1073,"column":47}},"1073":{"start":{"line":1074,"column":0},"end":{"line":1074,"column":47}},"1074":{"start":{"line":1075,"column":0},"end":{"line":1075,"column":49}},"1076":{"start":{"line":1077,"column":0},"end":{"line":1077,"column":39}},"1077":{"start":{"line":1078,"column":0},"end":{"line":1078,"column":32}},"1079":{"start":{"line":1080,"column":0},"end":{"line":1080,"column":27}},"1080":{"start":{"line":1081,"column":0},"end":{"line":1081,"column":27}},"1081":{"start":{"line":1082,"column":0},"end":{"line":1082,"column":35}},"1082":{"start":{"line":1083,"column":0},"end":{"line":1083,"column":86}},"1083":{"start":{"line":1084,"column":0},"end":{"line":1084,"column":98}},"1084":{"start":{"line":1085,"column":0},"end":{"line":1085,"column":42}},"1085":{"start":{"line":1086,"column":0},"end":{"line":1086,"column":59}},"1086":{"start":{"line":1087,"column":0},"end":{"line":1087,"column":112}},"1087":{"start":{"line":1088,"column":0},"end":{"line":1088,"column":28}},"1088":{"start":{"line":1089,"column":0},"end":{"line":1089,"column":113}},"1089":{"start":{"line":1090,"column":0},"end":{"line":1090,"column":59}},"1090":{"start":{"line":1091,"column":0},"end":{"line":1091,"column":56}},"1091":{"start":{"line":1092,"column":0},"end":{"line":1092,"column":16}},"1093":{"start":{"line":1094,"column":0},"end":{"line":1094,"column":18}},"1094":{"start":{"line":1095,"column":0},"end":{"line":1095,"column":33}},"1095":{"start":{"line":1096,"column":0},"end":{"line":1096,"column":36}},"1096":{"start":{"line":1097,"column":0},"end":{"line":1097,"column":24}},"1097":{"start":{"line":1098,"column":0},"end":{"line":1098,"column":115}},"1098":{"start":{"line":1099,"column":0},"end":{"line":1099,"column":46}},"1099":{"start":{"line":1100,"column":0},"end":{"line":1100,"column":45}},"1100":{"start":{"line":1101,"column":0},"end":{"line":1101,"column":60}},"1101":{"start":{"line":1102,"column":0},"end":{"line":1102,"column":18}},"1102":{"start":{"line":1103,"column":0},"end":{"line":1103,"column":37}},"1103":{"start":{"line":1104,"column":0},"end":{"line":1104,"column":38}},"1104":{"start":{"line":1105,"column":0},"end":{"line":1105,"column":57}},"1105":{"start":{"line":1106,"column":0},"end":{"line":1106,"column":39}},"1106":{"start":{"line":1107,"column":0},"end":{"line":1107,"column":19}},"1107":{"start":{"line":1108,"column":0},"end":{"line":1108,"column":18}},"1108":{"start":{"line":1109,"column":0},"end":{"line":1109,"column":52}},"1110":{"start":{"line":1111,"column":0},"end":{"line":1111,"column":20}},"1111":{"start":{"line":1112,"column":0},"end":{"line":1112,"column":36}},"1112":{"start":{"line":1113,"column":0},"end":{"line":1113,"column":59}},"1113":{"start":{"line":1114,"column":0},"end":{"line":1114,"column":39}},"1114":{"start":{"line":1115,"column":0},"end":{"line":1115,"column":40}},"1115":{"start":{"line":1116,"column":0},"end":{"line":1116,"column":59}},"1116":{"start":{"line":1117,"column":0},"end":{"line":1117,"column":41}},"1117":{"start":{"line":1118,"column":0},"end":{"line":1118,"column":21}},"1118":{"start":{"line":1119,"column":0},"end":{"line":1119,"column":20}},"1119":{"start":{"line":1120,"column":0},"end":{"line":1120,"column":94}},"1120":{"start":{"line":1121,"column":0},"end":{"line":1121,"column":96}},"1122":{"start":{"line":1123,"column":0},"end":{"line":1123,"column":43}},"1123":{"start":{"line":1124,"column":0},"end":{"line":1124,"column":22}},"1124":{"start":{"line":1125,"column":0},"end":{"line":1125,"column":20}},"1125":{"start":{"line":1126,"column":0},"end":{"line":1126,"column":29}},"1128":{"start":{"line":1129,"column":0},"end":{"line":1129,"column":12}},"1129":{"start":{"line":1130,"column":0},"end":{"line":1130,"column":28}},"1131":{"start":{"line":1132,"column":0},"end":{"line":1132,"column":2}},"1134":{"start":{"line":1135,"column":0},"end":{"line":1135,"column":27}}},"s":{"0":1,"63":1,"69":1,"70":0,"71":0,"72":0,"73":0,"78":1,"79":0,"80":0,"81":0,"82":0,"83":0,"84":0,"85":0,"86":0,"88":0,"89":0,"90":0,"91":0,"93":0,"94":0,"96":0,"97":0,"98":0,"99":0,"100":0,"102":0,"103":0,"105":1,"106":1,"108":1,"110":0,"111":0,"112":0,"115":0,"117":0,"118":0,"119":0,"121":0,"123":0,"126":0,"128":0,"130":0,"131":0,"133":1,"134":1,"135":0,"138":0,"139":0,"140":0,"141":0,"142":0,"143":0,"144":0,"145":0,"146":0,"147":0,"148":0,"151":0,"152":0,"153":0,"154":0,"155":0,"156":0,"157":0,"158":0,"159":0,"160":0,"161":0,"162":0,"163":0,"164":0,"165":1,"166":1,"167":0,"168":0,"169":0,"170":1,"171":1,"172":1,"188":1,"189":1,"190":1,"191":1,"192":1,"194":1,"195":0,"197":0,"198":0,"199":0,"201":0,"202":0,"203":0,"204":0,"205":0,"206":0,"207":0,"208":0,"209":0,"210":0,"211":0,"213":0,"214":0,"216":1,"217":0,"218":0,"220":1,"221":0,"222":0,"224":1,"225":0,"226":0,"227":0,"228":0,"229":0,"230":1,"235":1,"236":65,"237":65,"238":65,"239":65,"241":65,"242":65,"245":65,"248":65,"251":65,"252":65,"255":65,"256":65,"257":21,"258":3,"259":3,"260":3,"261":3,"262":3,"263":3,"264":18,"265":65,"266":65,"267":21,"268":3,"269":3,"270":3,"271":3,"272":3,"273":3,"274":18,"275":65,"278":65,"279":65,"280":65,"281":65,"284":65,"286":21,"287":21,"288":3,"289":3,"290":3,"291":3,"292":0,"293":0,"294":3,"296":21,"297":65,"298":65,"299":65,"300":65,"301":65,"302":65,"303":21,"304":21,"305":3,"306":6,"307":6,"308":6,"309":2,"310":4,"311":6,"312":0,"313":0,"314":6,"316":3,"317":3,"318":3,"319":3,"320":3,"321":3,"322":18,"323":18,"324":18,"325":18,"326":18,"327":65,"330":65,"333":65,"334":42,"336":20,"337":1,"338":1,"341":1,"342":1,"343":1,"346":20,"347":1,"348":1,"349":1,"351":20,"352":20,"353":65,"356":65,"357":22,"359":22,"360":1,"361":22,"362":21,"363":21,"366":22,"367":24,"368":24,"369":24,"370":24,"371":24,"372":24,"373":22,"376":22,"377":0,"378":0,"379":0,"380":0,"381":0,"382":0,"383":0,"384":0,"385":0,"386":0,"387":0,"388":0,"390":22,"391":65,"394":65,"395":22,"396":1,"397":1,"398":21,"399":65,"404":65,"405":23,"408":23,"410":20,"411":65,"414":65,"415":23,"418":23,"420":20,"421":20,"422":20,"423":20,"424":20,"425":65,"428":65,"429":23,"432":23,"434":20,"435":65,"438":65,"439":65,"440":65,"443":65,"446":65,"447":23,"448":20,"449":20,"450":65,"453":65,"454":24,"456":21,"457":21,"459":24,"460":18,"461":18,"462":18,"463":18,"464":65,"467":65,"468":65,"471":65,"472":22,"474":20,"475":0,"476":0,"477":0,"478":20,"480":20,"481":20,"482":20,"483":20,"484":20,"485":65,"488":65,"489":24,"491":22,"492":22,"493":24,"494":44,"495":44,"496":22,"497":65,"500":65,"501":24,"502":2,"503":2,"504":65,"508":65,"509":23,"510":0,"512":0,"513":0,"514":0,"517":0,"518":0,"521":0,"522":0,"523":0,"524":0,"525":0,"527":0,"528":0,"529":0,"530":0,"531":0,"534":0,"535":0,"536":0,"537":0,"538":0,"539":0,"540":0,"541":0,"542":0,"543":0,"546":0,"547":0,"548":0,"549":0,"550":0,"551":0,"552":0,"553":65,"556":65,"557":21,"558":0,"559":0,"560":65,"563":65,"564":30,"566":30,"567":30,"569":0,"570":0,"571":0,"572":0,"573":0,"576":0,"577":0,"579":0,"580":0,"581":0,"582":0,"583":65,"586":65,"587":30,"588":2,"589":2,"590":2,"591":2,"592":2,"594":28,"595":28,"596":28,"597":28,"598":28,"599":0,"600":0,"601":28,"602":65,"605":65,"606":30,"607":2,"608":2,"609":2,"610":2,"611":2,"612":2,"614":28,"615":28,"616":28,"617":28,"618":28,"619":28,"620":0,"621":0,"622":28,"623":28,"624":28,"625":65,"628":65,"629":29,"631":2,"633":0,"634":2,"636":27,"637":27,"638":27,"639":27,"640":27,"641":27,"642":27,"643":27,"644":27,"645":27,"646":65,"649":65,"650":22,"651":22,"652":22,"653":22,"654":22,"655":22,"656":65,"657":65,"660":65,"661":34,"662":3,"663":3,"664":3,"665":3,"666":3,"668":31,"669":31,"670":31,"671":31,"672":31,"673":31,"674":31,"675":31,"676":31,"677":31,"678":65,"681":65,"682":28,"683":28,"684":28,"685":28,"686":28,"687":28,"688":28,"689":28,"690":28,"691":28,"692":28,"693":28,"694":65,"695":65,"698":65,"699":0,"700":0,"701":65,"704":65,"705":1,"706":1,"707":65,"710":65,"711":39,"713":39,"714":39,"715":39,"716":39,"717":39,"718":39,"719":39,"720":39,"721":39,"722":39,"723":39,"724":39,"725":39,"726":39,"727":39,"729":65,"732":65,"734":23,"736":0,"737":0,"738":0,"739":0,"742":23,"745":23,"746":23,"747":23,"748":65,"751":65,"752":23,"754":23,"755":3,"756":23,"757":0,"758":0,"759":65,"762":65,"763":0,"764":0,"765":0,"766":65,"769":65,"770":1,"773":1,"774":1,"775":1,"776":0,"777":1,"780":1,"781":0,"782":0,"785":0,"786":0,"787":0,"789":0,"790":0,"793":0,"796":0,"797":0,"798":0,"799":0,"802":0,"805":0,"807":0,"808":0,"811":0,"812":0,"813":0,"815":0,"816":0,"817":0,"818":0,"819":65,"822":65,"823":35,"824":65,"827":65,"829":1,"832":1,"833":1,"836":1,"837":0,"838":1,"839":1,"840":1,"843":1,"844":0,"845":0,"848":0,"849":0,"852":0,"853":0,"854":0,"855":0,"856":0,"857":1,"860":1,"861":1,"862":1,"863":1,"869":65,"870":23,"872":3,"873":1,"874":1,"877":3,"879":3,"880":3,"881":3,"882":65,"885":65,"886":60,"890":60,"891":20,"892":20,"895":40,"896":60,"898":1,"899":1,"900":1,"901":1,"902":1,"904":39,"905":39,"906":39,"907":39,"908":39,"909":39,"910":39,"911":39,"912":39,"913":39,"914":39,"915":39,"916":39,"917":39,"918":39,"919":39,"920":39,"921":39,"922":39,"923":39,"924":39,"925":39,"926":39,"928":39,"930":39,"931":39,"932":39,"933":39,"934":39,"935":39,"936":39,"937":39,"940":60,"941":3,"942":3,"943":3,"944":3,"945":3,"948":60,"949":60,"950":60,"951":42,"952":39,"953":39,"954":39,"956":60,"957":60,"958":60,"960":60,"961":39,"962":39,"963":39,"964":39,"965":39,"968":60,"969":39,"970":39,"971":39,"972":39,"975":60,"976":0,"977":0,"978":0,"979":0,"981":60,"983":60,"985":65,"986":65,"989":65,"990":23,"991":3,"992":3,"993":65,"996":65,"997":23,"1000":20,"1003":20,"1004":4,"1005":20,"1007":20,"1008":65,"1013":65,"1014":65,"1015":65,"1016":65,"1018":0,"1030":0,"1032":65,"1033":65,"1034":65,"1035":65,"1037":65,"1038":0,"1039":0,"1040":0,"1041":0,"1042":0,"1043":0,"1046":0,"1048":65,"1049":10,"1050":10,"1051":10,"1052":10,"1053":10,"1054":10,"1055":10,"1056":10,"1057":10,"1058":10,"1062":65,"1063":60,"1064":54,"1065":54,"1066":54,"1067":54,"1068":54,"1069":54,"1070":54,"1071":54,"1072":54,"1073":54,"1074":54,"1076":54,"1077":54,"1079":6,"1080":6,"1081":6,"1082":6,"1083":6,"1084":6,"1085":6,"1086":6,"1087":6,"1088":6,"1089":6,"1090":6,"1091":6,"1093":6,"1094":6,"1095":6,"1096":6,"1097":6,"1098":6,"1099":6,"1100":6,"1101":6,"1102":6,"1103":0,"1104":0,"1105":0,"1106":0,"1107":0,"1108":6,"1110":6,"1111":6,"1112":6,"1113":6,"1114":0,"1115":0,"1116":0,"1117":0,"1118":0,"1119":6,"1120":6,"1122":6,"1123":6,"1124":6,"1125":6,"1128":65,"1129":65,"1131":65,"1134":1},"branchMap":{"0":{"type":"branch","line":106,"loc":{"start":{"line":106,"column":23},"end":{"line":173,"column":3}},"locations":[{"start":{"line":106,"column":23},"end":{"line":173,"column":3}}]},"1":{"type":"branch","line":236,"loc":{"start":{"line":236,"column":55},"end":{"line":1132,"column":2}},"locations":[{"start":{"line":236,"column":55},"end":{"line":1132,"column":2}}]},"2":{"type":"branch","line":243,"loc":{"start":{"line":243,"column":27},"end":{"line":243,"column":52}},"locations":[{"start":{"line":243,"column":27},"end":{"line":243,"column":52}}]},"3":{"type":"branch","line":246,"loc":{"start":{"line":246,"column":82},"end":{"line":246,"column":111}},"locations":[{"start":{"line":246,"column":82},"end":{"line":246,"column":111}}]},"4":{"type":"branch","line":256,"loc":{"start":{"line":256,"column":64},"end":{"line":256,"column":93}},"locations":[{"start":{"line":256,"column":64},"end":{"line":256,"column":93}}]},"5":{"type":"branch","line":440,"loc":{"start":{"line":440,"column":13},"end":{"line":440,"column":56}},"locations":[{"start":{"line":440,"column":13},"end":{"line":440,"column":56}}]},"6":{"type":"branch","line":1035,"loc":{"start":{"line":1035,"column":19},"end":{"line":1035,"column":37}},"locations":[{"start":{"line":1035,"column":19},"end":{"line":1035,"column":37}}]},"7":{"type":"branch","line":1035,"loc":{"start":{"line":1035,"column":28},"end":{"line":1035,"column":45}},"locations":[{"start":{"line":1035,"column":28},"end":{"line":1035,"column":45}}]},"8":{"type":"branch","line":1038,"loc":{"start":{"line":1038,"column":18},"end":{"line":1047,"column":18}},"locations":[{"start":{"line":1038,"column":18},"end":{"line":1047,"column":18}}]},"9":{"type":"branch","line":1049,"loc":{"start":{"line":1049,"column":34},"end":{"line":1059,"column":12}},"locations":[{"start":{"line":1049,"column":34},"end":{"line":1059,"column":12}}]},"10":{"type":"branch","line":1054,"loc":{"start":{"line":1054,"column":68},"end":{"line":1054,"column":117}},"locations":[{"start":{"line":1054,"column":68},"end":{"line":1054,"column":117}}]},"11":{"type":"branch","line":1063,"loc":{"start":{"line":1063,"column":9},"end":{"line":1126,"column":29}},"locations":[{"start":{"line":1063,"column":9},"end":{"line":1126,"column":29}}]},"12":{"type":"branch","line":1064,"loc":{"start":{"line":1064,"column":35},"end":{"line":1078,"column":32}},"locations":[{"start":{"line":1064,"column":35},"end":{"line":1078,"column":32}}]},"13":{"type":"branch","line":1078,"loc":{"start":{"line":1078,"column":12},"end":{"line":1126,"column":29}},"locations":[{"start":{"line":1078,"column":12},"end":{"line":1126,"column":29}}]},"14":{"type":"branch","line":1083,"loc":{"start":{"line":1083,"column":72},"end":{"line":1083,"column":86}},"locations":[{"start":{"line":1083,"column":72},"end":{"line":1083,"column":86}}]},"15":{"type":"branch","line":1090,"loc":{"start":{"line":1090,"column":28},"end":{"line":1090,"column":50}},"locations":[{"start":{"line":1090,"column":28},"end":{"line":1090,"column":50}}]},"16":{"type":"branch","line":1091,"loc":{"start":{"line":1091,"column":31},"end":{"line":1091,"column":50}},"locations":[{"start":{"line":1091,"column":31},"end":{"line":1091,"column":50}}]},"17":{"type":"branch","line":1101,"loc":{"start":{"line":1101,"column":30},"end":{"line":1101,"column":52}},"locations":[{"start":{"line":1101,"column":30},"end":{"line":1101,"column":52}}]},"18":{"type":"branch","line":1120,"loc":{"start":{"line":1120,"column":66},"end":{"line":1120,"column":94}},"locations":[{"start":{"line":1120,"column":66},"end":{"line":1120,"column":94}}]},"19":{"type":"branch","line":1121,"loc":{"start":{"line":1121,"column":67},"end":{"line":1121,"column":96}},"locations":[{"start":{"line":1121,"column":67},"end":{"line":1121,"column":96}}]},"20":{"type":"branch","line":242,"loc":{"start":{"line":242,"column":27},"end":{"line":242,"column":71}},"locations":[{"start":{"line":242,"column":27},"end":{"line":242,"column":71}}]},"21":{"type":"branch","line":257,"loc":{"start":{"line":257,"column":64},"end":{"line":266,"column":3}},"locations":[{"start":{"line":257,"column":64},"end":{"line":266,"column":3}}]},"22":{"type":"branch","line":258,"loc":{"start":{"line":258,"column":31},"end":{"line":264,"column":5}},"locations":[{"start":{"line":258,"column":31},"end":{"line":264,"column":5}}]},"23":{"type":"branch","line":264,"loc":{"start":{"line":264,"column":4},"end":{"line":265,"column":56}},"locations":[{"start":{"line":264,"column":4},"end":{"line":265,"column":56}}]},"24":{"type":"branch","line":267,"loc":{"start":{"line":267,"column":62},"end":{"line":276,"column":3}},"locations":[{"start":{"line":267,"column":62},"end":{"line":276,"column":3}}]},"25":{"type":"branch","line":268,"loc":{"start":{"line":268,"column":31},"end":{"line":274,"column":5}},"locations":[{"start":{"line":268,"column":31},"end":{"line":274,"column":5}}]},"26":{"type":"branch","line":274,"loc":{"start":{"line":274,"column":4},"end":{"line":275,"column":56}},"locations":[{"start":{"line":274,"column":4},"end":{"line":275,"column":56}}]},"27":{"type":"branch","line":285,"loc":{"start":{"line":285,"column":64},"end":{"line":298,"column":3}},"locations":[{"start":{"line":285,"column":64},"end":{"line":298,"column":3}}]},"28":{"type":"branch","line":288,"loc":{"start":{"line":288,"column":8},"end":{"line":288,"column":29}},"locations":[{"start":{"line":288,"column":8},"end":{"line":288,"column":29}}]},"29":{"type":"branch","line":288,"loc":{"start":{"line":288,"column":29},"end":{"line":295,"column":5}},"locations":[{"start":{"line":288,"column":29},"end":{"line":295,"column":5}}]},"30":{"type":"branch","line":291,"loc":{"start":{"line":291,"column":31},"end":{"line":291,"column":76}},"locations":[{"start":{"line":291,"column":31},"end":{"line":291,"column":76}}]},"31":{"type":"branch","line":292,"loc":{"start":{"line":292,"column":6},"end":{"line":294,"column":7}},"locations":[{"start":{"line":292,"column":6},"end":{"line":294,"column":7}}]},"32":{"type":"branch","line":295,"loc":{"start":{"line":295,"column":4},"end":{"line":297,"column":29}},"locations":[{"start":{"line":295,"column":4},"end":{"line":297,"column":29}}]},"33":{"type":"branch","line":297,"loc":{"start":{"line":297,"column":11},"end":{"line":297,"column":42}},"locations":[{"start":{"line":297,"column":11},"end":{"line":297,"column":42}}]},"34":{"type":"branch","line":297,"loc":{"start":{"line":297,"column":38},"end":{"line":297,"column":47}},"locations":[{"start":{"line":297,"column":38},"end":{"line":297,"column":47}}]},"35":{"type":"branch","line":303,"loc":{"start":{"line":303,"column":59},"end":{"line":328,"column":3}},"locations":[{"start":{"line":303,"column":59},"end":{"line":328,"column":3}}]},"36":{"type":"branch","line":305,"loc":{"start":{"line":305,"column":8},"end":{"line":305,"column":31}},"locations":[{"start":{"line":305,"column":8},"end":{"line":305,"column":31}}]},"37":{"type":"branch","line":305,"loc":{"start":{"line":305,"column":22},"end":{"line":305,"column":50}},"locations":[{"start":{"line":305,"column":22},"end":{"line":305,"column":50}}]},"38":{"type":"branch","line":305,"loc":{"start":{"line":305,"column":50},"end":{"line":322,"column":5}},"locations":[{"start":{"line":305,"column":50},"end":{"line":322,"column":5}}]},"39":{"type":"branch","line":322,"loc":{"start":{"line":322,"column":4},"end":{"line":327,"column":6}},"locations":[{"start":{"line":322,"column":4},"end":{"line":327,"column":6}}]},"40":{"type":"branch","line":306,"loc":{"start":{"line":306,"column":31},"end":{"line":315,"column":8}},"locations":[{"start":{"line":306,"column":31},"end":{"line":315,"column":8}}]},"41":{"type":"branch","line":309,"loc":{"start":{"line":309,"column":26},"end":{"line":310,"column":42}},"locations":[{"start":{"line":309,"column":26},"end":{"line":310,"column":42}}]},"42":{"type":"branch","line":310,"loc":{"start":{"line":310,"column":41},"end":{"line":311,"column":50}},"locations":[{"start":{"line":310,"column":41},"end":{"line":311,"column":50}}]},"43":{"type":"branch","line":312,"loc":{"start":{"line":312,"column":8},"end":{"line":314,"column":9}},"locations":[{"start":{"line":312,"column":8},"end":{"line":314,"column":9}}]},"44":{"type":"branch","line":334,"loc":{"start":{"line":334,"column":12},"end":{"line":354,"column":5}},"locations":[{"start":{"line":334,"column":12},"end":{"line":354,"column":5}}]},"45":{"type":"branch","line":335,"loc":{"start":{"line":335,"column":8},"end":{"line":335,"column":44}},"locations":[{"start":{"line":335,"column":8},"end":{"line":335,"column":44}}]},"46":{"type":"branch","line":335,"loc":{"start":{"line":335,"column":44},"end":{"line":353,"column":5}},"locations":[{"start":{"line":335,"column":44},"end":{"line":353,"column":5}}]},"47":{"type":"branch","line":337,"loc":{"start":{"line":337,"column":34},"end":{"line":344,"column":7}},"locations":[{"start":{"line":337,"column":34},"end":{"line":344,"column":7}}]},"48":{"type":"branch","line":347,"loc":{"start":{"line":347,"column":45},"end":{"line":350,"column":7}},"locations":[{"start":{"line":347,"column":45},"end":{"line":350,"column":7}}]},"49":{"type":"branch","line":357,"loc":{"start":{"line":357,"column":34},"end":{"line":392,"column":5}},"locations":[{"start":{"line":357,"column":34},"end":{"line":392,"column":5}}]},"50":{"type":"branch","line":360,"loc":{"start":{"line":360,"column":17},"end":{"line":360,"column":46}},"locations":[{"start":{"line":360,"column":17},"end":{"line":360,"column":46}}]},"51":{"type":"branch","line":360,"loc":{"start":{"line":360,"column":46},"end":{"line":362,"column":11}},"locations":[{"start":{"line":360,"column":46},"end":{"line":362,"column":11}}]},"52":{"type":"branch","line":361,"loc":{"start":{"line":361,"column":43},"end":{"line":361,"column":59}},"locations":[{"start":{"line":361,"column":43},"end":{"line":361,"column":59}}]},"53":{"type":"branch","line":362,"loc":{"start":{"line":362,"column":4},"end":{"line":364,"column":5}},"locations":[{"start":{"line":362,"column":4},"end":{"line":364,"column":5}}]},"54":{"type":"branch","line":363,"loc":{"start":{"line":363,"column":57},"end":{"line":363,"column":69}},"locations":[{"start":{"line":363,"column":57},"end":{"line":363,"column":69}}]},"55":{"type":"branch","line":377,"loc":{"start":{"line":377,"column":34},"end":{"line":389,"column":5}},"locations":[{"start":{"line":377,"column":34},"end":{"line":389,"column":5}}]},"56":{"type":"branch","line":367,"loc":{"start":{"line":367,"column":38},"end":{"line":374,"column":5}},"locations":[{"start":{"line":367,"column":38},"end":{"line":374,"column":5}}]},"57":{"type":"branch","line":395,"loc":{"start":{"line":395,"column":45},"end":{"line":400,"column":5}},"locations":[{"start":{"line":395,"column":45},"end":{"line":400,"column":5}}]},"58":{"type":"branch","line":396,"loc":{"start":{"line":396,"column":17},"end":{"line":396,"column":68}},"locations":[{"start":{"line":396,"column":17},"end":{"line":396,"column":68}}]},"59":{"type":"branch","line":396,"loc":{"start":{"line":396,"column":68},"end":{"line":398,"column":5}},"locations":[{"start":{"line":396,"column":68},"end":{"line":398,"column":5}}]},"60":{"type":"branch","line":398,"loc":{"start":{"line":398,"column":4},"end":{"line":399,"column":46}},"locations":[{"start":{"line":398,"column":4},"end":{"line":399,"column":46}}]},"61":{"type":"branch","line":405,"loc":{"start":{"line":405,"column":31},"end":{"line":412,"column":5}},"locations":[{"start":{"line":405,"column":31},"end":{"line":412,"column":5}}]},"62":{"type":"branch","line":406,"loc":{"start":{"line":406,"column":26},"end":{"line":406,"column":38}},"locations":[{"start":{"line":406,"column":26},"end":{"line":406,"column
[...]
{"start":{"line":72,"column":0},"end":{"line":72,"column":35}},"72":{"start":{"line":73,"column":0},"end":{"line":73,"column":29}},"73":{"start":{"line":74,"column":0},"end":{"line":74,"column":48}},"74":{"start":{"line":75,"column":0},"end":{"line":75,"column":40}},"75":{"start":{"line":76,"column":0},"end":{"line":76,"column":5}},"76":{"start":{"line":77,"column":0},"end":{"line":77,"column":30}},"79":{"start":{"line":80,"column":0},"end":{"line":80,"column":44}},"80":{"start":{"line":81,"column":0},"end":{"line":81,"column":50}},"81":{"start":{"line":82,"column":0},"end":{"line":82,"column":67}},"82":{"start":{"line":83,"column":0},"end":{"line":83,"column":77}},"84":{"start":{"line":85,"column":0},"end":{"line":85,"column":48}},"85":{"start":{"line":86,"column":0},"end":{"line":86,"column":68}},"86":{"start":{"line":87,"column":0},"end":{"line":87,"column":13}},"87":{"start":{"line":88,"column":0},"end":{"line":88,"column":5}},"96":{"start":{"line":97,"column":0},"end":{"line":97,"column":67}},"98":{"start":{"line":99,"column":0},"end":{"line":99,"column":102}},"99":{"start":{"line":100,"column":0},"end":{"line":100,"column":110}},"101":{"start":{"line":102,"column":0},"end":{"line":102,"column":105}},"102":{"start":{"line":103,"column":0},"end":{"line":103,"column":22}},"104":{"start":{"line":105,"column":0},"end":{"line":105,"column":42}},"105":{"start":{"line":106,"column":0},"end":{"line":106,"column":20}},"106":{"start":{"line":107,"column":0},"end":{"line":107,"column":19}},"107":{"start":{"line":108,"column":0},"end":{"line":108,"column":121}},"108":{"start":{"line":109,"column":0},"end":{"line":109,"column":7}},"111":{"start":{"line":112,"column":0},"end":{"line":112,"column":28}},"112":{"start":{"line":113,"column":0},"end":{"line":113,"column":29}},"115":{"start":{"line":116,"column":0},"end":{"line":116,"column":27}},"116":{"start":{"line":117,"column":0},"end":{"line":117,"column":25}},"117":{"start":{"line":118,"column":0},"end":{"line":118,"column":27}},"118":{"start":{"line":119,"column":0},"end":{"line":119,"column":53}},"119":{"start":{"line":120,"column":0},"end":{"line":120,"column":42}},"120":{"start":{"line":121,"column":0},"end":{"line":121,"column":16}},"121":{"start":{"line":122,"column":0},"end":{"line":122,"column":28}},"122":{"start":{"line":123,"column":0},"end":{"line":123,"column":53}},"123":{"start":{"line":124,"column":0},"end":{"line":124,"column":57}},"124":{"start":{"line":125,"column":0},"end":{"line":125,"column":16}},"125":{"start":{"line":126,"column":0},"end":{"line":126,"column":24}},"126":{"start":{"line":127,"column":0},"end":{"line":127,"column":65}},"127":{"start":{"line":128,"column":0},"end":{"line":128,"column":42}},"128":{"start":{"line":129,"column":0},"end":{"line":129,"column":16}},"129":{"start":{"line":130,"column":0},"end":{"line":130,"column":25}},"130":{"start":{"line":131,"column":0},"end":{"line":131,"column":65}},"131":{"start":{"line":132,"column":0},"end":{"line":132,"column":57}},"132":{"start":{"line":133,"column":0},"end":{"line":133,"column":16}},"133":{"start":{"line":134,"column":0},"end":{"line":134,"column":7}},"134":{"start":{"line":135,"column":0},"end":{"line":135,"column":12}},"136":{"start":{"line":137,"column":0},"end":{"line":137,"column":48}},"137":{"start":{"line":138,"column":0},"end":{"line":138,"column":46}},"139":{"start":{"line":140,"column":0},"end":{"line":140,"column":61}},"140":{"start":{"line":141,"column":0},"end":{"line":141,"column":41}},"144":{"start":{"line":145,"column":0},"end":{"line":145,"column":95}},"146":{"start":{"line":147,"column":0},"end":{"line":147,"column":54}},"148":{"start":{"line":149,"column":0},"end":{"line":149,"column":82}},"149":{"start":{"line":150,"column":0},"end":{"line":150,"column":56}},"151":{"start":{"line":152,"column":0},"end":{"line":152,"column":51}},"152":{"start":{"line":153,"column":0},"end":{"line":153,"column":56}},"154":{"start":{"line":155,"column":0},"end":{"line":155,"column":63}},"155":{"start":{"line":156,"column":0},"end":{"line":156,"column":14}},"157":{"start":{"line":158,"column":0},"end":{"line":158,"column":38}},"158":{"start":{"line":159,"column":0},"end":{"line":159,"column":53}},"159":{"start":{"line":160,"column":0},"end":{"line":160,"column":16}},"160":{"start":{"line":161,"column":0},"end":{"line":161,"column":84}},"161":{"start":{"line":162,"column":0},"end":{"line":162,"column":9}},"162":{"start":{"line":163,"column":0},"end":{"line":163,"column":7}},"165":{"start":{"line":166,"column":0},"end":{"line":166,"column":70}},"166":{"start":{"line":167,"column":0},"end":{"line":167,"column":40}},"167":{"start":{"line":168,"column":0},"end":{"line":168,"column":62}},"168":{"start":{"line":169,"column":0},"end":{"line":169,"column":55}},"169":{"start":{"line":170,"column":0},"end":{"line":170,"column":14}},"170":{"start":{"line":171,"column":0},"end":{"line":171,"column":108}},"171":{"start":{"line":172,"column":0},"end":{"line":172,"column":7}},"172":{"start":{"line":173,"column":0},"end":{"line":173,"column":5}},"175":{"start":{"line":176,"column":0},"end":{"line":176,"column":24}},"176":{"start":{"line":177,"column":0},"end":{"line":177,"column":91}},"177":{"start":{"line":178,"column":0},"end":{"line":178,"column":51}},"178":{"start":{"line":179,"column":0},"end":{"line":179,"column":53}},"180":{"start":{"line":181,"column":0},"end":{"line":181,"column":45}},"181":{"start":{"line":182,"column":0},"end":{"line":182,"column":48}},"184":{"start":{"line":185,"column":0},"end":{"line":185,"column":28}},"187":{"start":{"line":188,"column":0},"end":{"line":188,"column":49}},"188":{"start":{"line":189,"column":0},"end":{"line":189,"column":40}},"189":{"start":{"line":190,"column":0},"end":{"line":190,"column":5}},"190":{"start":{"line":191,"column":0},"end":{"line":191,"column":89}},"193":{"start":{"line":194,"column":0},"end":{"line":194,"column":19}},"194":{"start":{"line":195,"column":0},"end":{"line":195,"column":61}},"195":{"start":{"line":196,"column":0},"end":{"line":196,"column":54}},"196":{"start":{"line":197,"column":0},"end":{"line":197,"column":135}},"199":{"start":{"line":200,"column":0},"end":{"line":200,"column":64}},"201":{"start":{"line":202,"column":0},"end":{"line":202,"column":35}},"203":{"start":{"line":204,"column":0},"end":{"line":204,"column":23}},"204":{"start":{"line":205,"column":0},"end":{"line":205,"column":5}},"207":{"start":{"line":208,"column":0},"end":{"line":208,"column":84}},"208":{"start":{"line":209,"column":0},"end":{"line":209,"column":41}},"209":{"start":{"line":210,"column":0},"end":{"line":210,"column":106}},"212":{"start":{"line":213,"column":0},"end":{"line":213,"column":19}},"213":{"start":{"line":214,"column":0},"end":{"line":214,"column":44}},"215":{"start":{"line":216,"column":0},"end":{"line":216,"column":32}},"216":{"start":{"line":217,"column":0},"end":{"line":217,"column":64}},"217":{"start":{"line":218,"column":0},"end":{"line":218,"column":23}},"218":{"start":{"line":219,"column":0},"end":{"line":219,"column":6}},"221":{"start":{"line":222,"column":0},"end":{"line":222,"column":36}},"222":{"start":{"line":223,"column":0},"end":{"line":223,"column":35}},"223":{"start":{"line":224,"column":0},"end":{"line":224,"column":32}},"224":{"start":{"line":225,"column":0},"end":{"line":225,"column":50}},"225":{"start":{"line":226,"column":0},"end":{"line":226,"column":6}},"227":{"start":{"line":228,"column":0},"end":{"line":228,"column":55}},"229":{"start":{"line":230,"column":0},"end":{"line":230,"column":61}},"231":{"start":{"line":232,"column":0},"end":{"line":232,"column":18}},"232":{"start":{"line":233,"column":0},"end":{"line":233,"column":60}},"233":{"start":{"line":234,"column":0},"end":{"line":234,"column":66}},"234":{"start":{"line":235,"column":0},"end":{"line":235,"column":32}},"235":{"start":{"line":236,"column":0},"end":{"line":236,"column":6}},"236":{"start":{"line":237,"column":0},"end":{"line":237,"column":48}},"239":{"start":{"line":240,"column":0},"end":{"line":240,"column":19}},"240":{"start":{"line":241,"column":0},"end":{"line":241,"column":62}},"242":{"start":{"line":243,"column":0},"end":{"line":243,"column":46}},"243":{"start":{"line":244,"column":0},"end":{"line":244,"column":20}},"244":{"start":{"line":245,"column":0},"end":{"line":245,"column":36}},"246":{"start":{"line":247,"column":0},"end":{"line":247,"column":78}},"247":{"start":{"line":248,"column":0},"end":{"line":248,"column":78}},"248":{"start":{"line":249,"column":0},"end":{"line":249,"column":29}},"249":{"start":{"line":250,"column":0},"end":{"line":250,"column":11}},"250":{"start":{"line":251,"column":0},"end":{"line":251,"column":11}},"251":{"start":{"line":252,"column":0},"end":{"line":252,"column":8}},"252":{"start":{"line":253,"column":0},"end":{"line":253,"column":7}},"253":{"start":{"line":254,"column":0},"end":{"line":254,"column":43}},"254":{"start":{"line":255,"column":0},"end":{"line":255,"column":26}},"255":{"start":{"line":256,"column":0},"end":{"line":256,"column":66}},"256":{"start":{"line":257,"column":0},"end":{"line":257,"column":7}},"257":{"start":{"line":258,"column":0},"end":{"line":258,"column":6}},"260":{"start":{"line":261,"column":0},"end":{"line":261,"column":44}},"261":{"start":{"line":262,"column":0},"end":{"line":262,"column":26}},"262":{"start":{"line":263,"column":0},"end":{"line":263,"column":40}},"263":{"start":{"line":264,"column":0},"end":{"line":264,"column":7}},"264":{"start":{"line":265,"column":0},"end":{"line":265,"column":12}},"266":{"start":{"line":267,"column":0},"end":{"line":267,"column":18}},"267":{"start":{"line":268,"column":0},"end":{"line":268,"column":34}},"268":{"start":{"line":269,"column":0},"end":{"line":269,"column":28}},"269":{"start":{"line":270,"column":0},"end":{"line":270,"column":6}},"270":{"start":{"line":271,"column":0},"end":{"line":271,"column":63}},"273":{"start":{"line":274,"column":0},"end":{"line":274,"column":19}},"274":{"start":{"line":275,"column":0},"end":{"line":275,"column":36}},"276":{"start":{"line":277,"column":0},"end":{"line":277,"column":55}},"277":{"start":{"line":278,"column":0},"end":{"line":278,"column":10}},"278":{"start":{"line":279,"column":0},"end":{"line":279,"column":28}},"279":{"start":{"line":280,"column":0},"end":{"line":280,"column":60}},"280":{"start":{"line":281,"column":0},"end":{"line":281,"column":29}},"281":{"start":{"line":282,"column":0},"end":{"line":282,"column":58}},"282":{"start":{"line":283,"column":0},"end":{"line":283,"column":9}},"283":{"start":{"line":284,"column":0},"end":{"line":284,"column":18}},"284":{"start":{"line":285,"column":0},"end":{"line":285,"column":7}},"285":{"start":{"line":286,"column":0},"end":{"line":286,"column":6}},"287":{"start":{"line":288,"column":0},"end":{"line":288,"column":63}},"289":{"start":{"line":290,"column":0},"end":{"line":290,"column":18}},"290":{"start":{"line":291,"column":0},"end":{"line":291,"column":68}},"291":{"start":{"line":292,"column":0},"end":{"line":292,"column":6}},"292":{"start":{"line":293,"column":0},"end":{"line":293,"column":36}},"295":{"start":{"line":296,"column":0},"end":{"line":296,"column":19}},"296":{"start":{"line":297,"column":0},"end":{"line":297,"column":36}},"298":{"start":{"line":299,"column":0},"end":{"line":299,"column":53}},"299":{"start":{"line":300,"column":0},"end":{"line":300,"column":35}},"300":{"start":{"line":301,"column":0},"end":{"line":301,"column":18}},"301":{"start":{"line":302,"column":0},"end":{"line":302,"column":7}},"302":{"start":{"line":303,"column":0},"end":{"line":303,"column":6}},"304":{"start":{"line":305,"column":0},"end":{"line":305,"column":56}},"306":{"start":{"line":307,"column":0},"end":{"line":307,"column":18}},"307":{"start":{"line":308,"column":0},"end":{"line":308,"column":61}},"308":{"start":{"line":309,"column":0},"end":{"line":309,"column":6}},"309":{"start":{"line":310,"column":0},"end":{"line":310,"column":24}},"312":{"start":{"line":313,"column":0},"end":{"line":313,"column":19}},"313":{"start":{"line":314,"column":0},"end":{"line":314,"column":47}},"316":{"start":{"line":317,"column":0},"end":{"line":317,"column":45}},"317":{"start":{"line":318,"column":0},"end":{"line":318,"column":63}},"318":{"start":{"line":319,"column":0},"end":{"line":319,"column":5}},"322":{"start":{"line":323,"column":0},"end":{"line":323,"column":74}},"324":{"start":{"line":325,"column":0},"end":{"line":325,"column":65}},"325":{"start":{"line":326,"column":0},"end":{"line":326,"column":68}},"326":{"start":{"line":327,"column":0},"end":{"line":327,"column":84}},"327":{"start":{"line":328,"column":0},"end":{"line":328,"column":54}},"328":{"start":{"line":329,"column":0},"end":{"line":329,"column":71}},"329":{"start":{"line":330,"column":0},"end":{"line":330,"column":68}},"330":{"start":{"line":331,"column":0},"end":{"line":331,"column":68}},"331":{"start":{"line":332,"column":0},"end":{"line":332,"column":86}},"332":{"start":{"line":333,"column":0},"end":{"line":333,"column":77}},"334":{"start":{"line":335,"column":0},"end":{"line":335,"column":43}},"335":{"start":{"line":336,"column":0},"end":{"line":336,"column":53}},"336":{"start":{"line":337,"column":0},"end":{"line":337,"column":7}},"337":{"start":{"line":338,"column":0},"end":{"line":338,"column":80}},"338":{"start":{"line":339,"column":0},"end":{"line":339,"column":77}},"339":{"start":{"line":340,"column":0},"end":{"line":340,"column":60}},"341":{"start":{"line":342,"column":0},"end":{"line":342,"column":46}},"342":{"start":{"line":343,"column":0},"end":{"line":343,"column":48}},"343":{"start":{"line":344,"column":0},"end":{"line":344,"column":7}},"344":{"start":{"line":345,"column":0},"end":{"line":345,"column":78}},"346":{"start":{"line":347,"column":0},"end":{"line":347,"column":63}},"347":{"start":{"line":348,"column":0},"end":{"line":348,"column":73}},"348":{"start":{"line":349,"column":0},"end":{"line":349,"column":79}},"349":{"start":{"line":350,"column":0},"end":{"line":350,"column":82}},"350":{"start":{"line":351,"column":0},"end":{"line":351,"column":76}},"351":{"start":{"line":352,"column":0},"end":{"line":352,"column":68}},"352":{"start":{"line":353,"column":0},"end":{"line":353,"column":6}},"354":{"start":{"line":355,"column":0},"end":{"line":355,"column":43}},"355":{"start":{"line":356,"column":0},"end":{"line":356,"column":49}},"357":{"start":{"line":358,"column":0},"end":{"line":358,"column":45}},"359":{"start":{"line":360,"column":0},"end":{"line":360,"column":31}},"360":{"start":{"line":361,"column":0},"end":{"line":361,"column":8}},"361":{"start":{"line":362,"column":0},"end":{"line":362,"column":21}},"362":{"start":{"line":363,"column":0},"end":{"line":363,"column":45}},"363":{"start":{"line":364,"column":0},"end":{"line":364,"column":14}},"364":{"start":{"line":365,"column":0},"end":{"line":365,"column":32}},"365":{"start":{"line":366,"column":0},"end":{"line":366,"column":27}},"366":{"start":{"line":367,"column":0},"end":{"line":367,"column":8}},"368":{"start":{"line":369,"column":0},"end":{"line":369,"column":102}},"369":{"start":{"line":370,"column":0},"end":{"line":370,"column":11}},"370":{"start":{"line":371,"column":0},"end":{"line":371,"column":17}},"371":{"start":{"line":372,"column":0},"end":{"line":372,"column":4}},"372":{"start":{"line":373,"column":0},"end":{"line":373,"column":2}},"378":{"start":{"line":379,"column":0},"end":{"line":379,"column":56}},"380":{"start":{"line":381,"column":0},"end":{"line":381,"column":80}},"383":{"start":{"line":384,"column":0},"end":{"line":384,"column":80}},"386":{"start":{"line":387,"column":0},"end":{"line":387,"column":19}},"387":{"start":{"line":388,"column":0},"end":{"line":388,"column":50}},"388":{"start":{"line":389,"column":0},"end":{"line":389,"column":18}},"389":{"start":{"line":390,"column":0},"end":{"line":390,"column":73}},"390":{"start":{"line":391,"column":0},"end":{"line":391,"column":36}},"391":{"start":{"line":392,"column":0},"end":{"line":392,"column":34}},"392":{"start":{"line":393,"column":0},"end":{"line":393,"column":7}},"393":{"start":{"line":394,"column":0},"end":{"line":394,"column":6}},"394":{"start":{"line":395,"column":0},"end":{"line":395,"column":29}},"396":{"start":{"line":397,"column":0},"end":{"line":397,"column":30}},"397":{"start":{"line":398,"column":0},"end":{"line":398,"column":28}},"398":{"start":{"line":399,"column":0},"end":{"line":399,"column":4}},"400":{"start":{"line":401,"column":0},"end":{"line":401,"column":31}},"401":{"start":{"line":402,"column":0},"end":{"line":402,"column":34}},"402":{"start":{"line":403,"column":0},"end":{"line":403,"column":32}},"403":{"start":{"line":404,"column":0},"end":{"line":404,"column":5}},"404":{"start":{"line":405,"column":0},"end":{"line":405,"column":4}},"406":{"start":{"line":407,"column":0},"end":{"line":407,"column":41}},"407":{"start":{"line":408,"column":0},"end":{"line":408,"column":63}},"409":{"start":{"line":410,"column":0},"end":{"line":410,"column":10}},"410":{"start":{"line":411,"column":0},"end":{"line":411,"column":17}},"411":{"start":{"line":412,"column":0},"end":{"line":412,"column":18}},"412":{"start":{"line":413,"column":0},"end":{"line":413,"column":11}},"413":{"start":{"line":414,"column":0},"end":{"line":414,"column":11}},"414":{"start":{"line":415,"column":0},"end":{"line":415,"column":4}},"415":{"start":{"line":416,"column":0},"end":{"line":416,"column":2}}},"s":{"0":0,"27":0,"28":0,"29":0,"30":0,"31":0,"32":0,"33":0,"34":0,"35":0,"36":0,"37":0,"38":0,"39":0,"40":0,"43":0,"44":0,"45":0,"46":0,"49":0,"50":0,"52":0,"53":0,"55":0,"57":0,"58":0,"59":0,"60":0,"62":0,"63":0,"64":0,"65":0,"66":0,"67":0,"70":0,"71":0,"72":0,"73":0,"74":0,"75":0,"76":0,"79":0,"80":0,"81":0,"82":0,"84":0,"85":0,"86":0,"87":0,"96":0,"98":0,"99":0,"101":0,"102":0,"104":0,"105":0,"106":0,"107":0,"108":0,"111":0,"112":0,"115":0,"116":0,"117":0,"118":0,"119":0,"120":0,"121":0,"122":0,"123":0,"124":0,"125":0,"126":0,"127":0,"128":0,"129":0,"130":0,"131":0,"132":0,"133":0,"134":0,"136":0,"137":0,"139":0,"140":0,"144":0,"146":0,"148":0,"149":0,"151":0,"152":0,"154":0,"155":0,"157":0,"158":0,"159":0,"160":0,"161":0,"162":0,"165":0,"166":0,"167":0,"168":0,"169":0,"170":0,"171":0,"172":0,"175":0,"176":0,"177":0,"178":0,"180":0,"181":0,"184":0,"187":0,"188":0,"189":0,"190":0,"193":0,"194":0,"195":0,"196":0,"199":0,"201":0,"203":0,"204":0,"207":0,"208":0,"209":0,"212":0,"213":0,"215":0,"216":0,"217":0,"218":0,"221":0,"222":0,"223":0,"224":0,"225":0,"227":0,"229":0,"231":0,"232":0,"233":0,"234":0,"235":0,"236":0,"239":0,"240":0,"242":0,"243":0,"244":0,"246":0,"247":0,"248":0,"249":0,"250":0,"251":0,"252":0,"253":0,"254":0,"255":0,"256":0,"257":0,"260":0,"261":0,"262":0,"263":0,"264":0,"266":0,"267":0,"268":0,"269":0,"270":0,"273":0,"274":0,"276":0,"277":0,"278":0,"279":0,"280":0,"281":0,"282":0,"283":0,"284":0,"285":0,"287":0,"289":0,"290":0,"291":0,"292":0,"295":0,"296":0,"298":0,"299":0,"300":0,"301":0,"302":0,"304":0,"306":0,"307":0,"308":0,"309":0,"312":0,"313":0,"316":0,"317":0,"318":0,"322":0,"324":0,"325":0,"326":0,"327":0,"328":0,"329":0,"330":0,"331":0,"332":0,"334":0,"335":0,"336":0,"337":0,"338":0,"339":0,"341":0,"342":0,"343":0,"344":0,"346":0,"347":0,"348":0,"349":0,"350":0,"351":0,"352":0,"354":0,"355":0,"357":0,"359":0,"360":0,"361":0,"362":0,"363":0,"364":0,"365":0,"366":0,"368":0,"369":0,"370":0,"371":0,"372":0,"378":0,"380":0,"383":0,"386":0,"387":0,"388":0,"389":0,"390":0,"391":0,"392":0,"393":0,"394":0,"396":0,"397":0,"398":0,"400":0,"401":0,"402":0,"403":0,"404":0,"406":0,"407":0,"409":0,"410":0,"411":0,"412":0,"413":0,"414":0,"415":0},"branchMap":{"0":{"type":"branch","line":1,"loc":{"start":{"line":1,"column":15324},"end":{"line":416,"column":2}},"locations":[{"start":{"line":1,"column":15324},"end":{"line":416,"column":2}}]}},"b":{"0":[0]},"fnMap":{"0":{"name":"(empty-report)","decl":{"start":{"line":1,"column":15324},"end":{"line":416,"column":2}},"loc":{"start":{"line":1,"column":15324},"end":{"line":416,"column":2}},"line":1}},"f":{"0":0}}}}